#
# There is insufficient memory for the Java Runtime Environment to continue.
# Native memory allocation (malloc) failed to allocate 32744 bytes for ChunkPool::allocate
# Possible reasons:
#   The system is out of physical RAM or swap space
#   The process is running with CompressedOops enabled, and the Java Heap may be blocking the growth of the native heap
# Possible solutions:
#   Reduce memory load on the system
#   Increase physical memory or swap space
#   Check if swap backing store is full
#   Decrease Java heap size (-Xmx/-Xms)
#   Decrease number of Java threads
#   Decrease Java thread stack sizes (-Xss)
#   Set larger code cache with -XX:ReservedCodeCacheSize=
#   JVM is running with Unscaled Compressed Oops mode in which the Java heap is
#     placed in the first 4GB address space. The Java Heap base address is the
#     maximum limit for the native heap growth. Please use -XX:HeapBaseMinAddress
#     to set the Java Heap base and to place the Java Heap above 4GB virtual address.
# This output file may be truncated or incomplete.
#
#  Out of Memory Error (t:/workspace/open/src/hotspot/share/memory/arena.cpp:81), pid=17440, tid=16840
#
# JRE version: OpenJDK Runtime Environment (11.0+28) (build 11+28)
# Java VM: OpenJDK 64-Bit Server VM (11+28, mixed mode, tiered, compressed oops, g1 gc, windows-amd64)
# No core dump will be written. Minidumps are not enabled by default on client versions of Windows
#

---------------  S U M M A R Y ------------

Command Line: -Dfile.encoding=x-windows-949 -Duser.country=KR -Duser.language=ko -Duser.variant com.springboot.commerce.CommerceApplication

Host: Intel(R) Core(TM) i5-6200U CPU @ 2.30GHz, 4 cores, 7G,  Windows 10 , 64 bit Build 19041 (10.0.19041.3155)
Time: Sun Jul 23 22:21:34 2023 대한민국 표준시 elapsed time: 12 seconds (0d 0h 0m 12s)

---------------  T H R E A D  ---------------

Current thread (0x000001efbdac5000):  JavaThread "C2 CompilerThread0" daemon [_thread_in_native, id=16840, stack(0x0000001238100000,0x0000001238200000)]


Current CompileTask:
C2:  12969 3843   !   4       org.springframework.core.annotation.AnnotationsScanner::processClassHierarchy (227 bytes)

Stack: [0x0000001238100000,0x0000001238200000]
Native frames: (J=compiled Java code, j=interpreted, Vv=VM code, C=native code)
V  [jvm.dll+0x63adaa]
V  [jvm.dll+0x77852f]
V  [jvm.dll+0x779b18]
V  [jvm.dll+0x77a1d3]
V  [jvm.dll+0x2624c8]
V  [jvm.dll+0xc5d9b]
V  [jvm.dll+0xc60fc]
V  [jvm.dll+0xc5c50]
V  [jvm.dll+0x66857f]
V  [jvm.dll+0x66cace]
V  [jvm.dll+0x1ad92d]
V  [jvm.dll+0x21c472]
V  [jvm.dll+0x21b50a]
V  [jvm.dll+0x198400]
V  [jvm.dll+0x22a4ff]
V  [jvm.dll+0x228b18]
V  [jvm.dll+0x73dc3d]
V  [jvm.dll+0x639e42]
C  [ucrtbase.dll+0x21bb2]
C  [KERNEL32.DLL+0x17614]
C  [ntdll.dll+0x526b1]


---------------  P R O C E S S  ---------------

Threads class SMR info:
_java_thread_list=0x000001efbe3c6dd0, length=14, elements={
0x000001ef9f736800, 0x000001efbda90800, 0x000001efbda9b800, 0x000001efbdac1800,
0x000001efbdac2000, 0x000001efbdac5000, 0x000001efbdacb000, 0x000001efbdace000,
0x000001efbe486800, 0x000001efbe491800, 0x000001efbee11000, 0x000001efc1e20000,
0x000001efc2ac2000, 0x000001efc1deb800
}

Java Threads: ( => current thread )
  0x000001ef9f736800 JavaThread "main" [_thread_blocked, id=12652, stack(0x0000001237500000,0x0000001237600000)]
  0x000001efbda90800 JavaThread "Reference Handler" daemon [_thread_blocked, id=17824, stack(0x0000001237c00000,0x0000001237d00000)]
  0x000001efbda9b800 JavaThread "Finalizer" daemon [_thread_blocked, id=3076, stack(0x0000001237d00000,0x0000001237e00000)]
  0x000001efbdac1800 JavaThread "Signal Dispatcher" daemon [_thread_blocked, id=19376, stack(0x0000001237f00000,0x0000001238000000)]
  0x000001efbdac2000 JavaThread "Attach Listener" daemon [_thread_blocked, id=6484, stack(0x0000001238000000,0x0000001238100000)]
=>0x000001efbdac5000 JavaThread "C2 CompilerThread0" daemon [_thread_in_native, id=16840, stack(0x0000001238100000,0x0000001238200000)]
  0x000001efbdacb000 JavaThread "C1 CompilerThread0" daemon [_thread_blocked, id=13956, stack(0x0000001238200000,0x0000001238300000)]
  0x000001efbdace000 JavaThread "Sweeper thread" daemon [_thread_blocked, id=16100, stack(0x0000001238300000,0x0000001238400000)]
  0x000001efbe486800 JavaThread "Service Thread" daemon [_thread_blocked, id=19328, stack(0x0000001238400000,0x0000001238500000)]
  0x000001efbe491800 JavaThread "Common-Cleaner" daemon [_thread_blocked, id=14352, stack(0x0000001238600000,0x0000001238700000)]
  0x000001efbee11000 JavaThread "C2 CompilerThread1" daemon [_thread_in_native, id=19184, stack(0x0000001238700000,0x0000001238800000)]
  0x000001efc1e20000 JavaThread "Catalina-utility-1" [_thread_new, id=17332, stack(0x0000000000000000,0x0000000000000000)]
  0x000001efc2ac2000 JavaThread "Catalina-utility-2" [_thread_new, id=19288, stack(0x0000000000000000,0x0000000000000000)]
  0x000001efc1deb800 JavaThread "container-0" [_thread_blocked, id=7660, stack(0x0000001238d00000,0x0000001238e00000)]

Other Threads:
  0x000001efbda6c800 VMThread "VM Thread" [stack: 0x0000001237b00000,0x0000001237c00000] [id=7884] _threads_hazard_ptr=0x000001efbe3c6dd0
  0x000001efbe488000 WatcherThread [stack: 0x0000001238500000,0x0000001238600000] [id=11684]
  0x000001ef9d6dc800 GCTaskThread "GC Thread#0" [stack: 0x0000001237600000,0x0000001237700000] [id=8308]
  0x000001efbeeb4800 GCTaskThread "GC Thread#1" [stack: 0x0000001238800000,0x0000001238900000] [id=19080]
  0x000001efbee0d800 GCTaskThread "GC Thread#2" [stack: 0x0000001238900000,0x0000001238a00000] [id=17808]
  0x000001efbfa97000 GCTaskThread "GC Thread#3" [stack: 0x0000001238b00000,0x0000001238c00000] [id=3172]
  0x000001ef9f77c800 ConcurrentGCThread "G1 Main Marker" [stack: 0x0000001237700000,0x0000001237800000] [id=18452]
  0x000001ef9f77e800 ConcurrentGCThread "G1 Conc#0" [stack: 0x0000001237800000,0x0000001237900000] [id=17752]
  0x000001ef9f80c000 ConcurrentGCThread "G1 Refine#0" [stack: 0x0000001237900000,0x0000001237a00000] [id=18908]
  0x000001ef9f80d000 ConcurrentGCThread "G1 Young RemSet Sampling" [stack: 0x0000001237a00000,0x0000001237b00000] [id=5280]

Threads with active compile tasks:
C2 CompilerThread03843   !   4       org.springframework.core.annotation.AnnotationsScanner::processClassHierarchy (227 bytes)
C2 CompilerThread13867       4       org.springframework.core.annotation.TypeMappedAnnotations$MergedAnnotationFinder::doWithAnnotations (75 bytes)

VM state:synchronizing (normal execution)

VM Mutex/Monitor currently owned by a thread:  ([mutex/lock_event])
[0x000001ef9f734940] Safepoint_lock - owner thread: 0x000001efbda6c800
[0x000001ef9f735510] Threads_lock - owner thread: 0x000001efbda6c800
[0x000001ef9f7351b0] Compile_lock - owner thread: 0x000001ef9f736800

Heap address: 0x0000000081400000, size: 2028 MB, Compressed Oops mode: 32-bit
Narrow klass base: 0x0000000000000000, Narrow klass shift: 3
Compressed class space size: 1073741824 Address: 0x0000000100000000

Heap:
 garbage-first heap   total 131072K, used 79862K [0x0000000081400000, 0x0000000100000000)
  region size 1024K, 73 young (74752K), 8 survivors (8192K)
 Metaspace       used 37740K, capacity 38788K, committed 39040K, reserved 1083392K
  class space    used 4466K, capacity 4906K, committed 4992K, reserved 1048576K
Heap Regions: E=young(eden), S=young(survivor), O=old, HS=humongous(starts), HC=humongous(continues), CS=collection set, F=free, A=archive, TAMS=top-at-mark-start (previous, next)
|   0|0x0000000081400000, 0x0000000081500000, 0x0000000081500000|100%|HS|  |TAMS 0x0000000081500000, 0x0000000081400000| Complete 
|   1|0x0000000081500000, 0x0000000081600000, 0x0000000081600000|100%| O|  |TAMS 0x0000000081600000, 0x0000000081500000| Untracked 
|   2|0x0000000081600000, 0x0000000081700000, 0x0000000081700000|100%| O|  |TAMS 0x0000000081700000, 0x0000000081600000| Untracked 
|   3|0x0000000081700000, 0x0000000081800000, 0x0000000081800000|100%| O|  |TAMS 0x0000000081800000, 0x0000000081700000| Untracked 
|   4|0x0000000081800000, 0x0000000081900000, 0x0000000081900000|100%| O|  |TAMS 0x0000000081900000, 0x0000000081800000| Untracked 
|   5|0x0000000081900000, 0x0000000081a00000, 0x0000000081a00000|100%| O|  |TAMS 0x0000000081a00000, 0x0000000081900000| Untracked 
|   6|0x0000000081a00000, 0x0000000081b00000, 0x0000000081b00000|100%| O|  |TAMS 0x0000000081b00000, 0x0000000081a00000| Untracked 
|   7|0x0000000081b00000, 0x0000000081ba1800, 0x0000000081c00000| 63%| O|  |TAMS 0x0000000081ba1800, 0x0000000081b00000| Untracked 
|   8|0x0000000081c00000, 0x0000000081c00000, 0x0000000081d00000|  0%| F|  |TAMS 0x0000000081c00000, 0x0000000081c00000| Untracked 
|   9|0x0000000081d00000, 0x0000000081d00000, 0x0000000081e00000|  0%| F|  |TAMS 0x0000000081d00000, 0x0000000081d00000| Untracked 
|  10|0x0000000081e00000, 0x0000000081e00000, 0x0000000081f00000|  0%| F|  |TAMS 0x0000000081e00000, 0x0000000081e00000| Untracked 
|  11|0x0000000081f00000, 0x0000000081f00000, 0x0000000082000000|  0%| F|  |TAMS 0x0000000081f00000, 0x0000000081f00000| Untracked 
|  12|0x0000000082000000, 0x0000000082000000, 0x0000000082100000|  0%| F|  |TAMS 0x0000000082000000, 0x0000000082000000| Untracked 
|  13|0x0000000082100000, 0x0000000082100000, 0x0000000082200000|  0%| F|  |TAMS 0x0000000082100000, 0x0000000082100000| Untracked 
|  14|0x0000000082200000, 0x0000000082200000, 0x0000000082300000|  0%| F|  |TAMS 0x0000000082200000, 0x0000000082200000| Untracked 
|  15|0x0000000082300000, 0x0000000082300000, 0x0000000082400000|  0%| F|  |TAMS 0x0000000082300000, 0x0000000082300000| Untracked 
|  16|0x0000000082400000, 0x0000000082400000, 0x0000000082500000|  0%| F|  |TAMS 0x0000000082400000, 0x0000000082400000| Untracked 
|  17|0x0000000082500000, 0x0000000082500000, 0x0000000082600000|  0%| F|  |TAMS 0x0000000082500000, 0x0000000082500000| Untracked 
|  18|0x0000000082600000, 0x0000000082600000, 0x0000000082700000|  0%| F|  |TAMS 0x0000000082600000, 0x0000000082600000| Untracked 
|  19|0x0000000082700000, 0x0000000082700000, 0x0000000082800000|  0%| F|  |TAMS 0x0000000082700000, 0x0000000082700000| Untracked 
|  20|0x0000000082800000, 0x0000000082800000, 0x0000000082900000|  0%| F|  |TAMS 0x0000000082800000, 0x0000000082800000| Untracked 
|  21|0x0000000082900000, 0x0000000082900000, 0x0000000082a00000|  0%| F|  |TAMS 0x0000000082900000, 0x0000000082900000| Untracked 
|  22|0x0000000082a00000, 0x0000000082a00000, 0x0000000082b00000|  0%| F|  |TAMS 0x0000000082a00000, 0x0000000082a00000| Untracked 
|  23|0x0000000082b00000, 0x0000000082b00000, 0x0000000082c00000|  0%| F|  |TAMS 0x0000000082b00000, 0x0000000082b00000| Untracked 
|  24|0x0000000082c00000, 0x0000000082c00000, 0x0000000082d00000|  0%| F|  |TAMS 0x0000000082c00000, 0x0000000082c00000| Untracked 
|  25|0x0000000082d00000, 0x0000000082d00000, 0x0000000082e00000|  0%| F|  |TAMS 0x0000000082d00000, 0x0000000082d00000| Untracked 
|  26|0x0000000082e00000, 0x0000000082e00000, 0x0000000082f00000|  0%| F|  |TAMS 0x0000000082e00000, 0x0000000082e00000| Untracked 
|  27|0x0000000082f00000, 0x0000000082f00000, 0x0000000083000000|  0%| F|  |TAMS 0x0000000082f00000, 0x0000000082f00000| Untracked 
|  28|0x0000000083000000, 0x0000000083000000, 0x0000000083100000|  0%| F|  |TAMS 0x0000000083000000, 0x0000000083000000| Untracked 
|  29|0x0000000083100000, 0x0000000083100000, 0x0000000083200000|  0%| F|  |TAMS 0x0000000083100000, 0x0000000083100000| Untracked 
|  30|0x0000000083200000, 0x0000000083200000, 0x0000000083300000|  0%| F|  |TAMS 0x0000000083200000, 0x0000000083200000| Untracked 
|  31|0x0000000083300000, 0x0000000083300000, 0x0000000083400000|  0%| F|  |TAMS 0x0000000083300000, 0x0000000083300000| Untracked 
|  32|0x0000000083400000, 0x0000000083400000, 0x0000000083500000|  0%| F|  |TAMS 0x0000000083400000, 0x0000000083400000| Untracked 
|  33|0x0000000083500000, 0x0000000083500000, 0x0000000083600000|  0%| F|  |TAMS 0x0000000083500000, 0x0000000083500000| Untracked 
|  34|0x0000000083600000, 0x0000000083600000, 0x0000000083700000|  0%| F|  |TAMS 0x0000000083600000, 0x0000000083600000| Untracked 
|  35|0x0000000083700000, 0x0000000083700000, 0x0000000083800000|  0%| F|  |TAMS 0x0000000083700000, 0x0000000083700000| Untracked 
|  36|0x0000000083800000, 0x0000000083800000, 0x0000000083900000|  0%| F|  |TAMS 0x0000000083800000, 0x0000000083800000| Untracked 
|  37|0x0000000083900000, 0x0000000083900000, 0x0000000083a00000|  0%| F|  |TAMS 0x0000000083900000, 0x0000000083900000| Untracked 
|  38|0x0000000083a00000, 0x0000000083a00000, 0x0000000083b00000|  0%| F|  |TAMS 0x0000000083a00000, 0x0000000083a00000| Untracked 
|  39|0x0000000083b00000, 0x0000000083b00000, 0x0000000083c00000|  0%| F|  |TAMS 0x0000000083b00000, 0x0000000083b00000| Untracked 
|  40|0x0000000083c00000, 0x0000000083c00000, 0x0000000083d00000|  0%| F|  |TAMS 0x0000000083c00000, 0x0000000083c00000| Untracked 
|  41|0x0000000083d00000, 0x0000000083d00000, 0x0000000083e00000|  0%| F|  |TAMS 0x0000000083d00000, 0x0000000083d00000| Untracked 
|  42|0x0000000083e00000, 0x0000000083e00000, 0x0000000083f00000|  0%| F|  |TAMS 0x0000000083e00000, 0x0000000083e00000| Untracked 
|  43|0x0000000083f00000, 0x0000000083f00000, 0x0000000084000000|  0%| F|  |TAMS 0x0000000083f00000, 0x0000000083f00000| Untracked 
|  44|0x0000000084000000, 0x0000000084000000, 0x0000000084100000|  0%| F|  |TAMS 0x0000000084000000, 0x0000000084000000| Untracked 
|  45|0x0000000084100000, 0x0000000084100000, 0x0000000084200000|  0%| F|  |TAMS 0x0000000084100000, 0x0000000084100000| Untracked 
|  46|0x0000000084200000, 0x0000000084200000, 0x0000000084300000|  0%| F|  |TAMS 0x0000000084200000, 0x0000000084200000| Untracked 
|  47|0x0000000084300000, 0x0000000084300000, 0x0000000084400000|  0%| F|  |TAMS 0x0000000084300000, 0x0000000084300000| Untracked 
|  48|0x0000000084400000, 0x0000000084400000, 0x0000000084500000|  0%| F|  |TAMS 0x0000000084400000, 0x0000000084400000| Untracked 
|  49|0x0000000084500000, 0x0000000084500000, 0x0000000084600000|  0%| F|  |TAMS 0x0000000084500000, 0x0000000084500000| Untracked 
|  50|0x0000000084600000, 0x0000000084600000, 0x0000000084700000|  0%| F|  |TAMS 0x0000000084600000, 0x0000000084600000| Untracked 
|  51|0x0000000084700000, 0x0000000084700000, 0x0000000084800000|  0%| F|  |TAMS 0x0000000084700000, 0x0000000084700000| Untracked 
|  52|0x0000000084800000, 0x0000000084800000, 0x0000000084900000|  0%| F|  |TAMS 0x0000000084800000, 0x0000000084800000| Untracked 
|  53|0x0000000084900000, 0x0000000084900000, 0x0000000084a00000|  0%| F|  |TAMS 0x0000000084900000, 0x0000000084900000| Untracked 
|  54|0x0000000084a00000, 0x0000000084a00000, 0x0000000084b00000|  0%| F|  |TAMS 0x0000000084a00000, 0x0000000084a00000| Untracked 
|  55|0x0000000084b00000, 0x0000000084b80800, 0x0000000084c00000| 50%| E|  |TAMS 0x0000000084b00000, 0x0000000084b00000| Complete 
|  56|0x0000000084c00000, 0x0000000084d00000, 0x0000000084d00000|100%| E|CS|TAMS 0x0000000084c00000, 0x0000000084c00000| Complete 
|  57|0x0000000084d00000, 0x0000000084e00000, 0x0000000084e00000|100%| E|CS|TAMS 0x0000000084d00000, 0x0000000084d00000| Complete 
|  58|0x0000000084e00000, 0x0000000084f00000, 0x0000000084f00000|100%| E|CS|TAMS 0x0000000084e00000, 0x0000000084e00000| Complete 
|  59|0x0000000084f00000, 0x0000000085000000, 0x0000000085000000|100%| E|CS|TAMS 0x0000000084f00000, 0x0000000084f00000| Complete 
|  60|0x0000000085000000, 0x0000000085100000, 0x0000000085100000|100%| E|CS|TAMS 0x0000000085000000, 0x0000000085000000| Complete 
|  61|0x0000000085100000, 0x0000000085200000, 0x0000000085200000|100%| E|CS|TAMS 0x0000000085100000, 0x0000000085100000| Complete 
|  62|0x0000000085200000, 0x0000000085300000, 0x0000000085300000|100%| E|CS|TAMS 0x0000000085200000, 0x0000000085200000| Complete 
|  63|0x0000000085300000, 0x0000000085400000, 0x0000000085400000|100%| E|CS|TAMS 0x0000000085300000, 0x0000000085300000| Complete 
|  64|0x0000000085400000, 0x0000000085500000, 0x0000000085500000|100%| E|CS|TAMS 0x0000000085400000, 0x0000000085400000| Complete 
|  65|0x0000000085500000, 0x0000000085600000, 0x0000000085600000|100%| E|CS|TAMS 0x0000000085500000, 0x0000000085500000| Complete 
|  66|0x0000000085600000, 0x0000000085700000, 0x0000000085700000|100%| E|CS|TAMS 0x0000000085600000, 0x0000000085600000| Complete 
|  67|0x0000000085700000, 0x0000000085800000, 0x0000000085800000|100%| E|CS|TAMS 0x0000000085700000, 0x0000000085700000| Complete 
|  68|0x0000000085800000, 0x0000000085900000, 0x0000000085900000|100%| E|CS|TAMS 0x0000000085800000, 0x0000000085800000| Complete 
|  69|0x0000000085900000, 0x0000000085a00000, 0x0000000085a00000|100%| E|CS|TAMS 0x0000000085900000, 0x0000000085900000| Complete 
|  70|0x0000000085a00000, 0x0000000085b00000, 0x0000000085b00000|100%| E|CS|TAMS 0x0000000085a00000, 0x0000000085a00000| Complete 
|  71|0x0000000085b00000, 0x0000000085c00000, 0x0000000085c00000|100%| E|CS|TAMS 0x0000000085b00000, 0x0000000085b00000| Complete 
|  72|0x0000000085c00000, 0x0000000085d00000, 0x0000000085d00000|100%| E|CS|TAMS 0x0000000085c00000, 0x0000000085c00000| Complete 
|  73|0x0000000085d00000, 0x0000000085e00000, 0x0000000085e00000|100%| E|CS|TAMS 0x0000000085d00000, 0x0000000085d00000| Complete 
|  74|0x0000000085e00000, 0x0000000085f00000, 0x0000000085f00000|100%| E|CS|TAMS 0x0000000085e00000, 0x0000000085e00000| Complete 
|  75|0x0000000085f00000, 0x0000000086000000, 0x0000000086000000|100%| E|CS|TAMS 0x0000000085f00000, 0x0000000085f00000| Complete 
|  76|0x0000000086000000, 0x000000008605c2c0, 0x0000000086100000| 36%| S|CS|TAMS 0x0000000086000000, 0x0000000086000000| Complete 
|  77|0x0000000086100000, 0x0000000086200000, 0x0000000086200000|100%| S|CS|TAMS 0x0000000086100000, 0x0000000086100000| Complete 
|  78|0x0000000086200000, 0x0000000086300000, 0x0000000086300000|100%| S|CS|TAMS 0x0000000086200000, 0x0000000086200000| Complete 
|  79|0x0000000086300000, 0x0000000086400000, 0x0000000086400000|100%| S|CS|TAMS 0x0000000086300000, 0x0000000086300000| Complete 
|  80|0x0000000086400000, 0x0000000086500000, 0x0000000086500000|100%| S|CS|TAMS 0x0000000086400000, 0x0000000086400000| Complete 
|  81|0x0000000086500000, 0x0000000086600000, 0x0000000086600000|100%| S|CS|TAMS 0x0000000086500000, 0x0000000086500000| Complete 
|  82|0x0000000086600000, 0x0000000086700000, 0x0000000086700000|100%| S|CS|TAMS 0x0000000086600000, 0x0000000086600000| Complete 
|  83|0x0000000086700000, 0x0000000086800000, 0x0000000086800000|100%| S|CS|TAMS 0x0000000086700000, 0x0000000086700000| Complete 
|  84|0x0000000086800000, 0x0000000086900000, 0x0000000086900000|100%| E|CS|TAMS 0x0000000086800000, 0x0000000086800000| Complete 
|  85|0x0000000086900000, 0x0000000086a00000, 0x0000000086a00000|100%| E|CS|TAMS 0x0000000086900000, 0x0000000086900000| Complete 
|  86|0x0000000086a00000, 0x0000000086b00000, 0x0000000086b00000|100%| E|CS|TAMS 0x0000000086a00000, 0x0000000086a00000| Complete 
|  87|0x0000000086b00000, 0x0000000086c00000, 0x0000000086c00000|100%| E|CS|TAMS 0x0000000086b00000, 0x0000000086b00000| Complete 
|  88|0x0000000086c00000, 0x0000000086d00000, 0x0000000086d00000|100%| E|  |TAMS 0x0000000086c00000, 0x0000000086c00000| Complete 
|  89|0x0000000086d00000, 0x0000000086e00000, 0x0000000086e00000|100%| E|CS|TAMS 0x0000000086d00000, 0x0000000086d00000| Complete 
|  90|0x0000000086e00000, 0x0000000086f00000, 0x0000000086f00000|100%| E|CS|TAMS 0x0000000086e00000, 0x0000000086e00000| Complete 
|  91|0x0000000086f00000, 0x0000000087000000, 0x0000000087000000|100%| E|CS|TAMS 0x0000000086f00000, 0x0000000086f00000| Complete 
|  92|0x0000000087000000, 0x0000000087100000, 0x0000000087100000|100%| E|CS|TAMS 0x0000000087000000, 0x0000000087000000| Complete 
|  93|0x0000000087100000, 0x0000000087200000, 0x0000000087200000|100%| E|CS|TAMS 0x0000000087100000, 0x0000000087100000| Complete 
|  94|0x0000000087200000, 0x0000000087300000, 0x0000000087300000|100%| E|CS|TAMS 0x0000000087200000, 0x0000000087200000| Complete 
|  95|0x0000000087300000, 0x0000000087400000, 0x0000000087400000|100%| E|CS|TAMS 0x0000000087300000, 0x0000000087300000| Complete 
|  96|0x0000000087400000, 0x0000000087500000, 0x0000000087500000|100%| E|CS|TAMS 0x0000000087400000, 0x0000000087400000| Complete 
|  97|0x0000000087500000, 0x0000000087600000, 0x0000000087600000|100%| E|CS|TAMS 0x0000000087500000, 0x0000000087500000| Complete 
|  98|0x0000000087600000, 0x0000000087700000, 0x0000000087700000|100%| E|CS|TAMS 0x0000000087600000, 0x0000000087600000| Complete 
|  99|0x0000000087700000, 0x0000000087800000, 0x0000000087800000|100%| E|CS|TAMS 0x0000000087700000, 0x0000000087700000| Complete 
| 100|0x0000000087800000, 0x0000000087900000, 0x0000000087900000|100%| E|CS|TAMS 0x0000000087800000, 0x0000000087800000| Complete 
| 101|0x0000000087900000, 0x0000000087a00000, 0x0000000087a00000|100%| E|CS|TAMS 0x0000000087900000, 0x0000000087900000| Complete 
| 102|0x0000000087a00000, 0x0000000087b00000, 0x0000000087b00000|100%| E|CS|TAMS 0x0000000087a00000, 0x0000000087a00000| Complete 
| 103|0x0000000087b00000, 0x0000000087c00000, 0x0000000087c00000|100%| E|CS|TAMS 0x0000000087b00000, 0x0000000087b00000| Complete 
| 104|0x0000000087c00000, 0x0000000087d00000, 0x0000000087d00000|100%| E|CS|TAMS 0x0000000087c00000, 0x0000000087c00000| Complete 
| 105|0x0000000087d00000, 0x0000000087e00000, 0x0000000087e00000|100%| E|CS|TAMS 0x0000000087d00000, 0x0000000087d00000| Complete 
| 106|0x0000000087e00000, 0x0000000087f00000, 0x0000000087f00000|100%| E|CS|TAMS 0x0000000087e00000, 0x0000000087e00000| Complete 
| 107|0x0000000087f00000, 0x0000000088000000, 0x0000000088000000|100%| E|CS|TAMS 0x0000000087f00000, 0x0000000087f00000| Complete 
| 108|0x0000000088000000, 0x0000000088100000, 0x0000000088100000|100%| E|CS|TAMS 0x0000000088000000, 0x0000000088000000| Complete 
| 109|0x0000000088100000, 0x0000000088200000, 0x0000000088200000|100%| E|CS|TAMS 0x0000000088100000, 0x0000000088100000| Complete 
| 110|0x0000000088200000, 0x0000000088300000, 0x0000000088300000|100%| E|CS|TAMS 0x0000000088200000, 0x0000000088200000| Complete 
| 111|0x0000000088300000, 0x0000000088400000, 0x0000000088400000|100%| E|CS|TAMS 0x0000000088300000, 0x0000000088300000| Complete 
| 112|0x0000000088400000, 0x0000000088500000, 0x0000000088500000|100%| E|CS|TAMS 0x0000000088400000, 0x0000000088400000| Complete 
| 113|0x0000000088500000, 0x0000000088600000, 0x0000000088600000|100%| E|CS|TAMS 0x0000000088500000, 0x0000000088500000| Complete 
| 114|0x0000000088600000, 0x0000000088700000, 0x0000000088700000|100%| E|CS|TAMS 0x0000000088600000, 0x0000000088600000| Complete 
| 115|0x0000000088700000, 0x0000000088800000, 0x0000000088800000|100%| E|CS|TAMS 0x0000000088700000, 0x0000000088700000| Complete 
| 116|0x0000000088800000, 0x0000000088900000, 0x0000000088900000|100%| E|CS|TAMS 0x0000000088800000, 0x0000000088800000| Complete 
| 117|0x0000000088900000, 0x0000000088a00000, 0x0000000088a00000|100%| E|CS|TAMS 0x0000000088900000, 0x0000000088900000| Complete 
| 118|0x0000000088a00000, 0x0000000088b00000, 0x0000000088b00000|100%| E|CS|TAMS 0x0000000088a00000, 0x0000000088a00000| Complete 
| 119|0x0000000088b00000, 0x0000000088c00000, 0x0000000088c00000|100%| E|CS|TAMS 0x0000000088b00000, 0x0000000088b00000| Complete 
| 120|0x0000000088c00000, 0x0000000088d00000, 0x0000000088d00000|100%| E|CS|TAMS 0x0000000088c00000, 0x0000000088c00000| Complete 
| 121|0x0000000088d00000, 0x0000000088e00000, 0x0000000088e00000|100%| E|CS|TAMS 0x0000000088d00000, 0x0000000088d00000| Complete 
| 122|0x0000000088e00000, 0x0000000088f00000, 0x0000000088f00000|100%| E|CS|TAMS 0x0000000088e00000, 0x0000000088e00000| Complete 
| 123|0x0000000088f00000, 0x0000000089000000, 0x0000000089000000|100%| E|CS|TAMS 0x0000000088f00000, 0x0000000088f00000| Complete 
| 124|0x0000000089000000, 0x0000000089100000, 0x0000000089100000|100%| E|CS|TAMS 0x0000000089000000, 0x0000000089000000| Complete 
| 125|0x0000000089100000, 0x0000000089200000, 0x0000000089200000|100%| E|CS|TAMS 0x0000000089100000, 0x0000000089100000| Complete 
| 126|0x0000000089200000, 0x0000000089300000, 0x0000000089300000|100%| E|CS|TAMS 0x0000000089200000, 0x0000000089200000| Complete 
| 127|0x0000000089300000, 0x0000000089400000, 0x0000000089400000|100%| E|CS|TAMS 0x0000000089300000, 0x0000000089300000| Complete 

Card table byte_map: [0x000001efb6e40000,0x000001efb7240000] _byte_map_base: 0x000001efb6a36000

Marking Bits (Prev, Next): (CMBitMap*) 0x000001ef9f773b78, (CMBitMap*) 0x000001ef9f773bb0
 Prev Bits: [0x000001efb7640000, 0x000001efb95f0000)
 Next Bits: [0x000001efb95f0000, 0x000001efbb5a0000)

Polling page: 0x000001ef9d5a0000

Metaspace:

Usage:
  Non-class:     33.09 MB capacity,    32.49 MB ( 98%) used,   481.02 KB (  1%) free+waste,   127.31 KB ( <1%) overhead. 
      Class:      4.79 MB capacity,     4.36 MB ( 91%) used,   378.17 KB (  8%) free+waste,    61.06 KB (  1%) overhead. 
       Both:     37.88 MB capacity,    36.86 MB ( 97%) used,   859.20 KB (  2%) free+waste,   188.38 KB ( <1%) overhead. 

Virtual space:
  Non-class space:       34.00 MB reserved,      33.25 MB ( 98%) committed 
      Class space:        1.00 GB reserved,       4.88 MB ( <1%) committed 
             Both:        1.03 GB reserved,      38.13 MB (  4%) committed 

Chunk freelists:
   Non-Class:  4.75 KB
       Class:  2.75 KB
        Both:  7.50 KB

CodeHeap 'non-profiled nmethods': size=120064Kb used=2244Kb max_used=2244Kb free=117819Kb
 bounds [0x000001efaf500000, 0x000001efaf770000, 0x000001efb6a40000]
CodeHeap 'profiled nmethods': size=120000Kb used=9037Kb max_used=9037Kb free=110962Kb
 bounds [0x000001efa7fd0000, 0x000001efa88b0000, 0x000001efaf500000]
CodeHeap 'non-nmethods': size=5696Kb used=1141Kb max_used=1175Kb free=4554Kb
 bounds [0x000001efa7a40000, 0x000001efa7cb0000, 0x000001efa7fd0000]
 total_blobs=5304 nmethods=3714 adapters=378
 compilation: enabled
              stopped_count=0, restarted_count=0
 full_count=0

Compilation events (10 events):
Event: 12.886 Thread 0x000001efbdacb000 3932       3       sun.reflect.generics.repository.AbstractRepository::getReifier (8 bytes)
Event: 12.886 Thread 0x000001efbdacb000 nmethod 3932 0x000001efa88a2c10 code [0x000001efa88a2de0, 0x000001efa88a3118]
Event: 12.890 Thread 0x000001efbdacb000 3933       3       java.beans.Introspector::decapitalize (68 bytes)
Event: 12.893 Thread 0x000001efbdacb000 nmethod 3933 0x000001efa88a3210 code [0x000001efa88a3620, 0x000001efa88a5190]
Event: 12.895 Thread 0x000001efbdacb000 3934       3       org.apache.catalina.security.SecurityUtil::isPackageProtectionEnabled (16 bytes)
Event: 12.895 Thread 0x000001efbdacb000 nmethod 3934 0x000001efa88a5a90 code [0x000001efa88a5c40, 0x000001efa88a5d98]
Event: 12.896 Thread 0x000001efbdacb000 3935       3       org.springframework.core.convert.support.GenericConversionService$Converters::getRegisteredConverter (93 bytes)
Event: 12.896 Thread 0x000001efbdacb000 nmethod 3935 0x000001efa88a5e10 code [0x000001efa88a6060, 0x000001efa88a6a80]
Event: 12.896 Thread 0x000001efbdacb000 3936       3       java.util.concurrent.CopyOnWriteArraySet::iterator (8 bytes)
Event: 12.897 Thread 0x000001efbdacb000 nmethod 3936 0x000001efa88a6d10 code [0x000001efa88a6ee0, 0x000001efa88a72b8]

GC Heap History (10 events):
Event: 3.668 GC heap before
{Heap before GC invocations=2 (full 0):
 garbage-first heap   total 131072K, used 31121K [0x0000000081400000, 0x0000000100000000)
  region size 1024K, 26 young (26624K), 1 survivors (1024K)
 Metaspace       used 16342K, capacity 16822K, committed 17152K, reserved 1064960K
  class space    used 1751K, capacity 1942K, committed 2048K, reserved 1048576K
}
Event: 3.702 GC heap after
{Heap after GC invocations=3 (full 0):
 garbage-first heap   total 131072K, used 8020K [0x0000000081400000, 0x0000000100000000)
  region size 1024K, 2 young (2048K), 2 survivors (2048K)
 Metaspace       used 16342K, capacity 16822K, committed 17152K, reserved 1064960K
  class space    used 1751K, capacity 1942K, committed 2048K, reserved 1048576K
}
Event: 4.274 GC heap before
{Heap before GC invocations=3 (full 0):
 garbage-first heap   total 131072K, used 29524K [0x0000000081400000, 0x0000000100000000)
  region size 1024K, 25 young (25600K), 2 survivors (2048K)
 Metaspace       used 20623K, capacity 21107K, committed 21248K, reserved 1069056K
  class space    used 2225K, capacity 2437K, committed 2560K, reserved 1048576K
}
Event: 4.279 GC heap after
{Heap after GC invocations=4 (full 0):
 garbage-first heap   total 131072K, used 8634K [0x0000000081400000, 0x0000000100000000)
  region size 1024K, 3 young (3072K), 3 survivors (3072K)
 Metaspace       used 20623K, capacity 21107K, committed 21248K, reserved 1069056K
  class space    used 2225K, capacity 2437K, committed 2560K, reserved 1048576K
}
Event: 5.577 GC heap before
{Heap before GC invocations=5 (full 0):
 garbage-first heap   total 131072K, used 69050K [0x0000000081400000, 0x0000000100000000)
  region size 1024K, 63 young (64512K), 3 survivors (3072K)
 Metaspace       used 24617K, capacity 25290K, committed 25600K, reserved 1071104K
  class space    used 2736K, capacity 3000K, committed 3072K, reserved 1048576K
}
Event: 5.584 GC heap after
{Heap after GC invocations=6 (full 0):
 garbage-first heap   total 131072K, used 10774K [0x0000000081400000, 0x0000000100000000)
  region size 1024K, 5 young (5120K), 5 survivors (5120K)
 Metaspace       used 24617K, capacity 25290K, committed 25600K, reserved 1071104K
  class space    used 2736K, capacity 3000K, committed 3072K, reserved 1048576K
}
Event: 7.512 GC heap before
{Heap before GC invocations=6 (full 0):
 garbage-first heap   total 131072K, used 82454K [0x0000000081400000, 0x0000000100000000)
  region size 1024K, 76 young (77824K), 5 survivors (5120K)
 Metaspace       used 28946K, capacity 29678K, committed 29824K, reserved 1075200K
  class space    used 3300K, capacity 3605K, committed 3712K, reserved 1048576K
}
Event: 7.525 GC heap after
{Heap after GC invocations=7 (full 0):
 garbage-first heap   total 131072K, used 12796K [0x0000000081400000, 0x0000000100000000)
  region size 1024K, 7 young (7168K), 7 survivors (7168K)
 Metaspace       used 28946K, capacity 29678K, committed 29824K, reserved 1075200K
  class space    used 3300K, capacity 3605K, committed 3712K, reserved 1048576K
}
Event: 10.618 GC heap before
{Heap before GC invocations=7 (full 0):
 garbage-first heap   total 131072K, used 56828K [0x0000000081400000, 0x0000000100000000)
  region size 1024K, 51 young (52224K), 7 survivors (7168K)
 Metaspace       used 34768K, capacity 35694K, committed 35840K, reserved 1081344K
  class space    used 4114K, capacity 4494K, committed 4608K, reserved 1048576K
}
Event: 10.648 GC heap after
{Heap after GC invocations=8 (full 0):
 garbage-first heap   total 131072K, used 15350K [0x0000000081400000, 0x0000000100000000)
  region size 1024K, 8 young (8192K), 8 survivors (8192K)
 Metaspace       used 34768K, capacity 35694K, committed 35840K, reserved 1081344K
  class space    used 4114K, capacity 4494K, committed 4608K, reserved 1048576K
}

Deoptimization events (10 events):
Event: 11.489 Thread 0x000001ef9f736800 Uncommon trap: reason=unstable_if action=reinterpret pc=0x000001efaf513278 method=java.lang.StringCoding.hasNegatives([BII)Z @ 12 c2
Event: 11.615 Thread 0x000001ef9f736800 Uncommon trap: reason=unstable_if action=reinterpret pc=0x000001efaf62e718 method=java.util.HashMap.putVal(ILjava/lang/Object;Ljava/lang/Object;ZZ)Ljava/lang/Object; @ 162 c2
Event: 11.899 Thread 0x000001ef9f736800 Uncommon trap: reason=unstable_if action=reinterpret pc=0x000001efaf53d868 method=java.util.jar.JarFile.getVersionedEntry(Ljava/lang/String;Ljava/util/jar/JarEntry;)Ljava/util/jar/JarEntry; @ 7 c2
Event: 11.935 Thread 0x000001ef9f736800 Uncommon trap: reason=unstable_if action=reinterpret pc=0x000001efaf5437d0 method=java.util.jar.JarFile.getVersionedEntry(Ljava/lang/String;Ljava/util/jar/JarEntry;)Ljava/util/jar/JarEntry; @ 7 c2
Event: 12.136 Thread 0x000001ef9f736800 Uncommon trap: reason=class_check action=maybe_recompile pc=0x000001efaf6a0360 method=org.springframework.core.ResolvableType.resolveType()Lorg/springframework/core/ResolvableType; @ 101 c2
Event: 12.343 Thread 0x000001ef9f736800 Uncommon trap: reason=profile_predicate action=maybe_recompile pc=0x000001efaf72c038 method=java.lang.PublicMethods$MethodList.filter([Ljava/lang/reflect/Method;Ljava/lang/String;[Ljava/lang/Class;Z)Ljava/lang/PublicMethods$MethodList; @ 21 c2
Event: 12.343 Thread 0x000001ef9f736800 Uncommon trap: reason=profile_predicate action=maybe_recompile pc=0x000001efaf72c038 method=java.lang.PublicMethods$MethodList.filter([Ljava/lang/reflect/Method;Ljava/lang/String;[Ljava/lang/Class;Z)Ljava/lang/PublicMethods$MethodList; @ 21 c2
Event: 12.343 Thread 0x000001ef9f736800 Uncommon trap: reason=profile_predicate action=maybe_recompile pc=0x000001efaf72c038 method=java.lang.PublicMethods$MethodList.filter([Ljava/lang/reflect/Method;Ljava/lang/String;[Ljava/lang/Class;Z)Ljava/lang/PublicMethods$MethodList; @ 21 c2
Event: 12.343 Thread 0x000001ef9f736800 Uncommon trap: reason=profile_predicate action=maybe_recompile pc=0x000001efaf72c038 method=java.lang.PublicMethods$MethodList.filter([Ljava/lang/reflect/Method;Ljava/lang/String;[Ljava/lang/Class;Z)Ljava/lang/PublicMethods$MethodList; @ 21 c2
Event: 12.829 Thread 0x000001ef9f736800 Uncommon trap: reason=null_check action=make_not_entrant pc=0x000001efaf7281d0 method=java.lang.Class.createAnnotationData(I)Ljava/lang/Class$AnnotationData; @ 14 c2

Classes redefined (0 events):
No events

Internal exceptions (10 events):
Event: 9.004 Thread 0x000001ef9f736800 Exception <a 'java/lang/NoSuchMethodError'{0x0000000087064300}: java.lang.invoke.DirectMethodHandle$Holder.invokeStatic(Ljava/lang/Object;Ljava/lang/Object;I)V> (0x0000000087064300) thrown at [t:/workspace/open/src/hotspot/share/interpreter/linkResolver.c
Event: 9.128 Thread 0x000001ef9f736800 Exception <a 'java/lang/NoSuchMethodError'{0x0000000086c12890}: java.lang.invoke.DirectMethodHandle$Holder.invokeStaticInit(Ljava/lang/Object;IIII)Ljava/lang/Object;> (0x0000000086c12890) thrown at [t:/workspace/open/src/hotspot/share/interpreter/linkReso
Event: 10.482 Thread 0x000001ef9f736800 Exception <a 'java/lang/NoSuchMethodError'{0x0000000086c48d48}: java.lang.invoke.DirectMethodHandle$Holder.invokeStaticInit(Ljava/lang/Object;Ljava/lang/Object;IIII)Ljava/lang/Object;> (0x0000000086c48d48) thrown at [t:/workspace/open/src/hotspot/share/in
Event: 11.343 Thread 0x000001ef9f736800 Implicit null exception at 0x000001efaf5add8c to 0x000001efaf5afb5e
Event: 11.816 Thread 0x000001ef9f736800 Exception <a 'java/io/FileNotFoundException'{0x00000000858a1e20}> (0x00000000858a1e20) thrown at [t:/workspace/open/src/hotspot/share/prims/jni.cpp, line 615]
Event: 11.817 Thread 0x000001ef9f736800 Exception <a 'java/io/FileNotFoundException'{0x00000000858a30d8}> (0x00000000858a30d8) thrown at [t:/workspace/open/src/hotspot/share/prims/jni.cpp, line 615]
Event: 12.100 Thread 0x000001ef9f736800 Exception <a 'java/lang/NoSuchMethodError'{0x00000000856fbde8}: java.lang.invoke.DirectMethodHandle$Holder.invokeInterface(Ljava/lang/Object;Ljava/lang/Object;Ljava/lang/Object;Ljava/lang/Object;)I> (0x00000000856fbde8) thrown at [t:/workspace/open/src/ho
Event: 12.495 Thread 0x000001ef9f736800 Exception <a 'java/lang/NoSuchMethodError'{0x0000000085178f80}: java.lang.invoke.DirectMethodHandle$Holder.invokeVirtual(Ljava/lang/Object;Ljava/lang/Object;)J> (0x0000000085178f80) thrown at [t:/workspace/open/src/hotspot/share/interpreter/linkResolver.c
Event: 12.538 Thread 0x000001ef9f736800 Exception <a 'java/io/FileNotFoundException'{0x00000000851dec80}> (0x00000000851dec80) thrown at [t:/workspace/open/src/hotspot/share/prims/jni.cpp, line 615]
Event: 12.829 Thread 0x000001ef9f736800 Implicit null exception at 0x000001efaf726094 to 0x000001efaf7281ba

Events (10 events):
Event: 12.863 loading class org/springframework/core/io/Resource done
Event: 12.863 loading class org/springframework/core/io/Resource
Event: 12.863 loading class org/springframework/core/io/Resource done
Event: 12.881 loading class org/springframework/beans/factory/annotation/AnnotationBeanWiringInfoResolver
Event: 12.881 loading class org/springframework/beans/factory/annotation/AnnotationBeanWiringInfoResolver done
Event: 12.886 loading class org/springframework/boot/jdbc/SchemaManagementProvider
Event: 12.886 loading class org/springframework/boot/jdbc/SchemaManagementProvider done
Event: 12.896 loading class org/springframework/boot/context/properties/source/ConfigurationPropertyName$ElementCharPredicate
Event: 12.896 loading class org/springframework/boot/context/properties/source/ConfigurationPropertyName$ElementCharPredicate done
Event: 12.897 Executing VM operation: Deoptimize


Dynamic libraries:
0x00007ff64fb60000 - 0x00007ff64fba5000 	C:\01DevelopKits\jdk-11\bin\java.exe
0x00007ffb9ba10000 - 0x00007ffb9bc08000 	C:\Windows\SYSTEM32\ntdll.dll
0x00007ffb9b300000 - 0x00007ffb9b3bf000 	C:\Windows\System32\KERNEL32.DLL
0x00007ffb99180000 - 0x00007ffb99476000 	C:\Windows\System32\KERNELBASE.dll
0x00007ffb9a7c0000 - 0x00007ffb9a95d000 	C:\Windows\System32\USER32.dll
0x00007ffb99480000 - 0x00007ffb994a2000 	C:\Windows\System32\win32u.dll
0x00007ffb9b2d0000 - 0x00007ffb9b2fc000 	C:\Windows\System32\GDI32.dll
0x00007ffb994b0000 - 0x00007ffb995c5000 	C:\Windows\System32\gdi32full.dll
0x00007ffb999d0000 - 0x00007ffb99a6d000 	C:\Windows\System32\msvcp_win.dll
0x00007ffb99680000 - 0x00007ffb99780000 	C:\Windows\System32\ucrtbase.dll
0x00007ffb7c690000 - 0x00007ffb7c92a000 	C:\Windows\WinSxS\amd64_microsoft.windows.common-controls_6595b64144ccf1df_6.0.19041.1110_none_60b5254171f9507e\COMCTL32.dll
0x00007ffb9b930000 - 0x00007ffb9b9ce000 	C:\Windows\System32\msvcrt.dll
0x00007ffb9a9d0000 - 0x00007ffb9aa00000 	C:\Windows\System32\IMM32.DLL
0x00007ffb7f3f0000 - 0x00007ffb7f406000 	C:\01DevelopKits\jdk-11\bin\vcruntime140.dll
0x00007ffb64390000 - 0x00007ffb6443a000 	C:\01DevelopKits\jdk-11\bin\msvcp140.dll
0x00007ffb1d850000 - 0x00007ffb1e391000 	C:\01DevelopKits\jdk-11\bin\server\jvm.dll
0x00007ffb9b3c0000 - 0x00007ffb9b46f000 	C:\Windows\System32\ADVAPI32.dll
0x00007ffb99a70000 - 0x00007ffb99b0c000 	C:\Windows\System32\sechost.dll
0x00007ffb9b1a0000 - 0x00007ffb9b2c6000 	C:\Windows\System32\RPCRT4.dll
0x00007ffb9aa60000 - 0x00007ffb9aa68000 	C:\Windows\System32\PSAPI.DLL
0x00007ffb93470000 - 0x00007ffb93479000 	C:\Windows\SYSTEM32\WSOCK32.dll
0x00007ffb9a960000 - 0x00007ffb9a9cb000 	C:\Windows\System32\WS2_32.dll
0x00007ffb7f080000 - 0x00007ffb7f0a7000 	C:\Windows\SYSTEM32\WINMM.dll
0x00007ffb92ad0000 - 0x00007ffb92ada000 	C:\Windows\SYSTEM32\VERSION.dll
0x00007ffb96f60000 - 0x00007ffb96f72000 	C:\Windows\SYSTEM32\kernel.appcore.dll
0x00007ffb7f3d0000 - 0x00007ffb7f3e1000 	C:\01DevelopKits\jdk-11\bin\verify.dll
0x00007ffb8b6e0000 - 0x00007ffb8b8c4000 	C:\Windows\SYSTEM32\DBGHELP.DLL
0x00007ffb8b6a0000 - 0x00007ffb8b6d4000 	C:\Windows\SYSTEM32\dbgcore.DLL
0x00007ffb990f0000 - 0x00007ffb99172000 	C:\Windows\System32\bcryptPrimitives.dll
0x00007ffb79990000 - 0x00007ffb799b8000 	C:\01DevelopKits\jdk-11\bin\java.dll
0x00007ffb7d8f0000 - 0x00007ffb7d906000 	C:\01DevelopKits\jdk-11\bin\zip.dll
0x00007ffb94ef0000 - 0x00007ffb94efa000 	C:\01DevelopKits\jdk-11\bin\jimage.dll
0x00007ffb9a070000 - 0x00007ffb9a7b4000 	C:\Windows\System32\SHELL32.dll
0x00007ffb97160000 - 0x00007ffb978f4000 	C:\Windows\SYSTEM32\windows.storage.dll
0x00007ffb99b10000 - 0x00007ffb99e64000 	C:\Windows\System32\combase.dll
0x00007ffb98b30000 - 0x00007ffb98b5e000 	C:\Windows\SYSTEM32\Wldp.dll
0x00007ffb9b470000 - 0x00007ffb9b51d000 	C:\Windows\System32\SHCORE.dll
0x00007ffb99e70000 - 0x00007ffb99ec5000 	C:\Windows\System32\shlwapi.dll
0x00007ffb99020000 - 0x00007ffb99045000 	C:\Windows\SYSTEM32\profapi.dll
0x00007ffb88fe0000 - 0x00007ffb88ff9000 	C:\01DevelopKits\jdk-11\bin\net.dll
0x00007ffb8a440000 - 0x00007ffb8a54a000 	C:\Windows\SYSTEM32\WINHTTP.dll
0x00007ffb98870000 - 0x00007ffb988da000 	C:\Windows\system32\mswsock.dll
0x00007ffb7e8f0000 - 0x00007ffb7e903000 	C:\01DevelopKits\jdk-11\bin\nio.dll
0x00007ffb93520000 - 0x00007ffb93529000 	C:\01DevelopKits\jdk-11\bin\management.dll
0x00007ffb91570000 - 0x00007ffb9157c000 	C:\01DevelopKits\jdk-11\bin\management_ext.dll
0x00007ffb7ec80000 - 0x00007ffb7ec97000 	C:\Windows\system32\napinsp.dll
0x00007ffb7ec60000 - 0x00007ffb7ec7b000 	C:\Windows\system32\pnrpnsp.dll
0x00007ffb94210000 - 0x00007ffb94225000 	C:\Windows\system32\wshbth.dll
0x00007ffb92a90000 - 0x00007ffb92aad000 	C:\Windows\system32\NLAapi.dll
0x00007ffb98500000 - 0x00007ffb9853c000 	C:\Windows\SYSTEM32\IPHLPAPI.DLL
0x00007ffb98540000 - 0x00007ffb9860a000 	C:\Windows\SYSTEM32\DNSAPI.dll
0x00007ffb9b920000 - 0x00007ffb9b928000 	C:\Windows\System32\NSI.dll
0x00007ffb7ec40000 - 0x00007ffb7ec52000 	C:\Windows\System32\winrnr.dll
0x00007ffb88d40000 - 0x00007ffb88d4a000 	C:\Windows\System32\rasadhlp.dll
0x00007ffb89840000 - 0x00007ffb898c2000 	C:\Windows\System32\fwpuclnt.dll
0x00007ffb99780000 - 0x00007ffb997a7000 	C:\Windows\System32\bcrypt.dll
0x00007ffb98a60000 - 0x00007ffb98a78000 	C:\Windows\SYSTEM32\CRYPTSP.dll
0x00007ffb98100000 - 0x00007ffb98134000 	C:\Windows\system32\rsaenh.dll
0x00007ffb98fa0000 - 0x00007ffb98fce000 	C:\Windows\SYSTEM32\USERENV.dll
0x00007ffb98a80000 - 0x00007ffb98a8c000 	C:\Windows\SYSTEM32\CRYPTBASE.dll
0x00007ffb8aea0000 - 0x00007ffb8aeb7000 	C:\Windows\SYSTEM32\dhcpcsvc6.DLL
0x00007ffb8b980000 - 0x00007ffb8b99d000 	C:\Windows\SYSTEM32\dhcpcsvc.DLL
0x00007ffb8a810000 - 0x00007ffb8a81d000 	C:\01DevelopKits\jdk-11\bin\sunmscapi.dll
0x00007ffb997b0000 - 0x00007ffb9990e000 	C:\Windows\System32\CRYPT32.dll
0x00007ffb98ba0000 - 0x00007ffb98bc8000 	C:\Windows\SYSTEM32\ncrypt.dll
0x00007ffb98b60000 - 0x00007ffb98b9b000 	C:\Windows\SYSTEM32\NTASN1.dll
0x00007ffb780f0000 - 0x00007ffb78117000 	C:\01DevelopKits\jdk-11\bin\sunec.dll

dbghelp: loaded successfully - version: 4.0.5 - missing functions: none
symbol engine: initialized successfully - sym options: 0x614 - pdb path: .;C:\01DevelopKits\jdk-11\bin;C:\Windows\SYSTEM32;C:\Windows\WinSxS\amd64_microsoft.windows.common-controls_6595b64144ccf1df_6.0.19041.1110_none_60b5254171f9507e;C:\01DevelopKits\jdk-11\bin\server

VM Arguments:
jvm_args: -Dfile.encoding=x-windows-949 -Duser.country=KR -Duser.language=ko -Duser.variant 
java_command: com.springboot.commerce.CommerceApplication
java_class_path (initial): C:\springboot\commerce\build\classes\java\main;C:\springboot\commerce\build\resources\main;C:\Users\thsu1\.gradle\caches\modules-2\files-2.1\io.springfox\springfox-swagger2\2.9.2\362676bc7f4c6f9f1d568741becab0dfc198c898\springfox-swagger2-2.9.2.jar;C:\Users\thsu1\.gradle\caches\modules-2\files-2.1\org.springframework.boot\spring-boot-starter-security\2.5.4\5233e75dc4d06b6717647f8a3661e2c6a1e79490\spring-boot-starter-security-2.5.4.jar;C:\Users\thsu1\.gradle\caches\modules-2\files-2.1\io.jsonwebtoken\jjwt\0.9.1\54d2abfc3e63a28824d35bf600d6a5d627da681a\jjwt-0.9.1.jar;C:\Users\thsu1\.gradle\caches\modules-2\files-2.1\org.springframework.boot\spring-boot-starter-data-jpa\2.7.14\ad7d3be24a386ec45ce020b8922e9d056f7a6835\spring-boot-starter-data-jpa-2.7.14.jar;C:\Users\thsu1\.gradle\caches\modules-2\files-2.1\org.springframework.boot\spring-boot-starter-web\2.7.14\300b311c5fb98a2ee547df33a9d37782dddb496e\spring-boot-starter-web-2.7.14.jar;C:\Users\thsu1\.gradle\caches\modules-2\files-2.1\io.springfox\springfox-swagger-ui\2.8.0\2b895560df9cd70a2e93119188981b004b4e2ad5\springfox-swagger-ui-2.8.0.jar;C:\Users\thsu1\.gradle\caches\modules-2\files-2.1\org.mariadb.jdbc\mariadb-java-client\3.0.10\e87ec19b4fe643a9c57b4ab5c5c5fc737bc050d1\mariadb-java-client-3.0.10.jar;C:\Users\thsu1\.gradle\caches\modules-2\files-2.1\io.springfox\springfox-swagger-common\2.9.2\b38a41b3044af80cb7f41f67be5d158c9f6491ec\springfox-swagger-common-2.9.2.jar;C:\Users\thsu1\.gradle\caches\modules-2\files-2.1\io.swagger\swagger-models\1.5.20\fb3a23bad80c5ed84db9dd150db2cba699531458\swagger-models-1.5.20.jar;C:\Users\thsu1\.gradle\caches\modules-2\files-2.1\io.swagger\swagger-annotations\1.5.20\16051f93ce11ca489a5313775d825f82fcc2cd6c\swagger-annotations-1.5.20.jar;C:\Users\thsu1\.gradle\caches\modules-2\files-2.1\io.springfox\springfox-schema\2.9.2\e268f38774b16bb51a92ccaef0dcf3dc651c0cee\springfox-schema-2.9.2.jar;C:\Users\thsu1\.gradle\caches\modules-2\files-2.1\io.springfox\
Launcher Type: SUN_STANDARD

[Global flags]
     intx CICompilerCount                          = 3                                         {product} {ergonomic}
     uint ConcGCThreads                            = 1                                         {product} {ergonomic}
     uint G1ConcRefinementThreads                  = 4                                         {product} {ergonomic}
   size_t G1HeapRegionSize                         = 1048576                                   {product} {ergonomic}
    uintx GCDrainStackTargetSize                   = 64                                        {product} {ergonomic}
   size_t InitialHeapSize                          = 134217728                                 {product} {ergonomic}
   size_t MarkStackSize                            = 4194304                                   {product} {ergonomic}
   size_t MaxHeapSize                              = 2126512128                                {product} {ergonomic}
   size_t MaxNewSize                               = 1275068416                                {product} {ergonomic}
   size_t MinHeapDeltaBytes                        = 1048576                                   {product} {ergonomic}
    uintx NonNMethodCodeHeapSize                   = 5830092                                {pd product} {ergonomic}
    uintx NonProfiledCodeHeapSize                  = 122914074                              {pd product} {ergonomic}
    uintx ProfiledCodeHeapSize                     = 122914074                              {pd product} {ergonomic}
    uintx ReservedCodeCacheSize                    = 251658240                              {pd product} {ergonomic}
     bool SegmentedCodeCache                       = true                                      {product} {ergonomic}
     bool UseCompressedClassPointers               = true                                 {lp64_product} {ergonomic}
     bool UseCompressedOops                        = true                                 {lp64_product} {ergonomic}
     bool UseG1GC                                  = true                                      {product} {ergonomic}
     bool UseLargePagesIndividualAllocation        = false                                  {pd product} {ergonomic}

Logging:
Log output configuration:
 #0: stdout all=warning uptime,level,tags
 #1: stderr all=off uptime,level,tags

Environment Variables:
JAVA_HOME=C:\01DevelopKits\jdk-11
PATH=C:\Program Files\Common Files\Oracle\Java\javapath;C:\01DevelopKits\app\oracle\product\11.2.0\server\bin;C:\Windows\system32;C:\Windows;C:\Windows\System32\Wbem;C:\Windows\System32\WindowsPowerShell\v1.0\;C:\Windows\System32\OpenSSH\;C:\01DevelopKits\jdk-11\bin;C:\Program Files\Git\cmd;C:\Program Files\MySQL\MySQL Shell 8.0\bin\;C:\Users\thsu1\AppData\Local\Microsoft\WindowsApps;;C:\Users\thsu1\AppData\Local\Programs\Microsoft VS Code\bin;C:\IntelliJ IDEA Community Edition 2023.1.1\bin;
USERNAME=thsu1
OS=Windows_NT
PROCESSOR_IDENTIFIER=Intel64 Family 6 Model 78 Stepping 3, GenuineIntel



---------------  S Y S T E M  ---------------

OS: Windows 10 , 64 bit Build 19041 (10.0.19041.3155)

CPU:total 4 (initial active 4) (2 cores per cpu, 2 threads per core) family 6 model 78 stepping 3, cmov, cx8, fxsr, mmx, sse, sse2, sse3, ssse3, sse4.1, sse4.2, popcnt, avx, avx2, aes, clmul, erms, 3dnowpref, lzcnt, ht, tsc, tscinvbit, bmi1, bmi2, adx, fma

Memory: 4k page, system-wide physical 8108M (552M free)
TotalPageFile size 16166M (AvailPageFile size 1M)
current process WorkingSet (physical memory assigned to process): 249M, peak: 249M
current process commit charge ("private bytes"): 318M, peak: 318M

vm_info: OpenJDK 64-Bit Server VM (11+28) for windows-amd64 JRE (11+28), built on Aug 23 2018 03:04:58 by "mach5one" with MS VC++ 15.5 (VS2017)

END.
