#
# There is insufficient memory for the Java Runtime Environment to continue.
# Native memory allocation (malloc) failed to allocate 32744 bytes for ChunkPool::allocate
# Possible reasons:
#   The system is out of physical RAM or swap space
#   The process is running with CompressedOops enabled, and the Java Heap may be blocking the growth of the native heap
# Possible solutions:
#   Reduce memory load on the system
#   Increase physical memory or swap space
#   Check if swap backing store is full
#   Decrease Java heap size (-Xmx/-Xms)
#   Decrease number of Java threads
#   Decrease Java thread stack sizes (-Xss)
#   Set larger code cache with -XX:ReservedCodeCacheSize=
#   JVM is running with Unscaled Compressed Oops mode in which the Java heap is
#     placed in the first 4GB address space. The Java Heap base address is the
#     maximum limit for the native heap growth. Please use -XX:HeapBaseMinAddress
#     to set the Java Heap base and to place the Java Heap above 4GB virtual address.
# This output file may be truncated or incomplete.
#
#  Out of Memory Error (t:/workspace/open/src/hotspot/share/memory/arena.cpp:81), pid=17604, tid=16220
#
# JRE version: OpenJDK Runtime Environment (11.0+28) (build 11+28)
# Java VM: OpenJDK 64-Bit Server VM (11+28, mixed mode, tiered, compressed oops, g1 gc, windows-amd64)
# No core dump will be written. Minidumps are not enabled by default on client versions of Windows
#

---------------  S U M M A R Y ------------

Command Line: --add-opens=java.base/java.util=ALL-UNNAMED --add-opens=java.base/java.lang=ALL-UNNAMED --add-opens=java.base/java.lang.invoke=ALL-UNNAMED --add-opens=java.prefs/java.util.prefs=ALL-UNNAMED --add-opens=java.base/java.nio.charset=ALL-UNNAMED --add-opens=java.base/java.net=ALL-UNNAMED --add-opens=java.base/java.util.concurrent.atomic=ALL-UNNAMED -XX:MaxMetaspaceSize=384m -XX:+HeapDumpOnOutOfMemoryError -Xms256m -Xmx512m -Dfile.encoding=x-windows-949 -Duser.country=KR -Duser.language=ko -Duser.variant -javaagent:C:\Users\thsu1\.gradle\wrapper\dists\gradle-8.1.1-bin\9wiye5v2saajue4irfo8ybqfp\gradle-8.1.1\lib\agents\gradle-instrumentation-agent-8.1.1.jar org.gradle.launcher.daemon.bootstrap.GradleDaemon 8.1.1

Host: Intel(R) Core(TM) i5-6200U CPU @ 2.30GHz, 4 cores, 7G,  Windows 10 , 64 bit Build 19041 (10.0.19041.3155)
Time: Sun Jul 23 22:21:34 2023 대한민국 표준시 elapsed time: 42 seconds (0d 0h 0m 42s)

---------------  T H R E A D  ---------------

Current thread (0x0000018848cc2000):  VMThread "VM Thread" [stack: 0x00000019de500000,0x00000019de600000] [id=16220] _threads_hazard_ptr=0x000001884da6e7e0

Stack: [0x00000019de500000,0x00000019de600000]
[error occurred during error reporting (printing stack bounds), id 0xc0000005, EXCEPTION_ACCESS_VIOLATION (0xc0000005) at pc=0x0000018835d90bad]

Native frames: (J=compiled Java code, j=interpreted, Vv=VM code, C=native code)
V  [jvm.dll+0x63adaa]
V  [jvm.dll+0x77852f]
V  [jvm.dll+0x779b18]
V  [jvm.dll+0x77a135]
V  [jvm.dll+0x77a0eb]
V  [jvm.dll+0x63a4a6]
V  [jvm.dll+0x63a878]
C  [ntdll.dll+0xa23af]
C  [ntdll.dll+0x514b4]
C  [ntdll.dll+0xa0ebe]
C  0x0000018835d90bad

VM_Operation (0x00000019dfafdce0): BulkRevokeBias, mode: safepoint, requested by thread 0x000001884c0f2800


---------------  P R O C E S S  ---------------

Threads class SMR info:
_java_thread_list=0x000001884da6e7e0, length=86, elements={
0x000001882da74000, 0x0000018848cde000, 0x0000018848cd4800, 0x000001884954e800,
0x0000018849550000, 0x0000018849553800, 0x0000018849558000, 0x0000018849562000,
0x0000018848c82000, 0x0000018849836800, 0x000001884acb8800, 0x000001884afc7800,
0x000001884af6a000, 0x000001884a123000, 0x000001884c4e8800, 0x000001884c4e9800,
0x000001884bbdd800, 0x000001884c0f2800, 0x000001884a7f7000, 0x000001884b033800,
0x000001884b032800, 0x000001884b032000, 0x000001884b02d800, 0x000001884b02f800,
0x000001884b031000, 0x000001884b030000, 0x000001884b9d6000, 0x000001884b9d7000,
0x000001884b9d7800, 0x000001884b9d5800, 0x000001884b9d4800, 0x000001884b9dd800,
0x000001884b9d9800, 0x000001884b9e0000, 0x000001884b9dc000, 0x000001884b9dc800,
0x000001884b9da000, 0x000001884b9e0800, 0x000001884b9e1800, 0x000001884b9e2800,
0x000001884b9e3000, 0x000001884f2ce800, 0x000001884f2cf800, 0x000001884f2ce000,
0x000001884f2d0800, 0x000001884f2d1000, 0x000001884f2d3000, 0x000001884f2d2000,
0x000001884f2cd000, 0x000001884f2d3800, 0x000001884f2d6000, 0x000001884f2d8800,
0x000001884f2d7800, 0x000001884f2da000, 0x000001884f2d5000, 0x000001884f2d4800,
0x000001884f2db000, 0x000001884f2dc000, 0x000001884f2d9800, 0x000001884f2d7000,
0x000001884bffe800, 0x000001884bffd000, 0x000001884bffe000, 0x000001884c002800,
0x000001884c005000, 0x000001884c000800, 0x000001884c001000, 0x000001884c003800,
0x000001884c002000, 0x000001884bfff800, 0x000001884c004800, 0x000001884c00b000,
0x000001884c00a000, 0x000001884c008800, 0x000001884c007800, 0x000001884c00b800,
0x000001884c006000, 0x000001884c007000, 0x000001884c009800, 0x000001884f8d7000,
0x000001884f8d3000, 0x000001884f8d8000, 0x000001884f8d3800, 0x000001884f8da800,
0x000001884f8d8800, 0x000001884f8d4800
}

Java Threads: ( => current thread )
  0x000001882da74000 JavaThread "main" [_thread_blocked, id=13864, stack(0x00000019ddf00000,0x00000019de000000)]
  0x0000018848cde000 JavaThread "Reference Handler" daemon [_thread_blocked, id=15932, stack(0x00000019de600000,0x00000019de700000)]
  0x0000018848cd4800 JavaThread "Finalizer" daemon [_thread_blocked, id=17700, stack(0x00000019de700000,0x00000019de800000)]
  0x000001884954e800 JavaThread "Signal Dispatcher" daemon [_thread_blocked, id=5384, stack(0x00000019de800000,0x00000019de900000)]
  0x0000018849550000 JavaThread "Attach Listener" daemon [_thread_blocked, id=7128, stack(0x00000019de900000,0x00000019dea00000)]
  0x0000018849553800 JavaThread "C2 CompilerThread0" daemon [_thread_blocked, id=792, stack(0x00000019dea00000,0x00000019deb00000)]
  0x0000018849558000 JavaThread "C1 CompilerThread0" daemon [_thread_blocked, id=3832, stack(0x00000019deb00000,0x00000019dec00000)]
  0x0000018849562000 JavaThread "Sweeper thread" daemon [_thread_blocked, id=15720, stack(0x00000019dec00000,0x00000019ded00000)]
  0x0000018848c82000 JavaThread "Common-Cleaner" daemon [_thread_blocked, id=1372, stack(0x00000019ded00000,0x00000019dee00000)]
  0x0000018849836800 JavaThread "Service Thread" daemon [_thread_blocked, id=19216, stack(0x00000019dee00000,0x00000019def00000)]
  0x000001884acb8800 JavaThread "Daemon health stats" [_thread_blocked, id=7704, stack(0x00000019df400000,0x00000019df500000)]
  0x000001884afc7800 JavaThread "Incoming local TCP Connector on port 53528" [_thread_in_native, id=5568, stack(0x00000019df300000,0x00000019df400000)]
  0x000001884af6a000 JavaThread "Daemon periodic checks" [_thread_blocked, id=16096, stack(0x00000019df500000,0x00000019df600000)]
  0x000001884a123000 JavaThread "Daemon" [_thread_blocked, id=8716, stack(0x00000019df600000,0x00000019df700000)]
  0x000001884c4e8800 JavaThread "Handler for socket connection from /127.0.0.1:53528 to /127.0.0.1:53529" [_thread_in_native, id=18080, stack(0x00000019df700000,0x00000019df800000)]
  0x000001884c4e9800 JavaThread "Cancel handler" [_thread_blocked, id=13984, stack(0x00000019df800000,0x00000019df900000)]
  0x000001884bbdd800 JavaThread "Daemon worker" [_thread_blocked, id=2400, stack(0x00000019df900000,0x00000019dfa00000)]
  0x000001884c0f2800 JavaThread "Asynchronous log dispatcher for DefaultDaemonConnection: socket connection from /127.0.0.1:53528 to /127.0.0.1:53529" [_thread_blocked, id=7156, stack(0x00000019dfa00000,0x00000019dfb00000)]
  0x000001884a7f7000 JavaThread "Stdin handler" [_thread_blocked, id=16872, stack(0x00000019dfb00000,0x00000019dfc00000)]
  0x000001884b033800 JavaThread "Daemon client event forwarder" [_thread_blocked, id=19436, stack(0x00000019dfc00000,0x00000019dfd00000)]
  0x000001884b032800 JavaThread "Cache worker for journal cache (C:\Users\thsu1\.gradle\caches\journal-1)" [_thread_blocked, id=8956, stack(0x00000019dfd00000,0x00000019dfe00000)]
  0x000001884b032000 JavaThread "File lock request listener" [_thread_in_native, id=2644, stack(0x00000019dfe00000,0x00000019dff00000)]
  0x000001884b02d800 JavaThread "Cache worker for file hash cache (C:\Users\thsu1\.gradle\caches\8.1.1\fileHashes)" [_thread_blocked, id=18692, stack(0x00000019dff00000,0x00000019e0000000)]
  0x000001884b02f800 JavaThread "Cache worker for checksums cache (C:\springboot\commerce\.gradle\8.1.1\checksums)" [_thread_blocked, id=18012, stack(0x00000019e0300000,0x00000019e0400000)]
  0x000001884b031000 JavaThread "Cache worker for cache directory md-rule (C:\Users\thsu1\.gradle\caches\8.1.1\md-rule)" [_thread_blocked, id=15800, stack(0x00000019e0400000,0x00000019e0500000)]
  0x000001884b030000 JavaThread "Cache worker for file content cache (C:\Users\thsu1\.gradle\caches\8.1.1\fileContent)" [_thread_blocked, id=19032, stack(0x00000019e0500000,0x00000019e0600000)]
  0x000001884b9d6000 JavaThread "Cache worker for file hash cache (C:\springboot\commerce\.gradle\8.1.1\fileHashes)" [_thread_blocked, id=19344, stack(0x00000019e0600000,0x00000019e0700000)]
  0x000001884b9d7000 JavaThread "Cache worker for cache directory md-supplier (C:\Users\thsu1\.gradle\caches\8.1.1\md-supplier)" [_thread_blocked, id=12780, stack(0x00000019e0700000,0x00000019e0800000)]
  0x000001884b9d7800 JavaThread "Cache worker for execution history cache (C:\Users\thsu1\.gradle\caches\8.1.1\executionHistory)" [_thread_blocked, id=12372, stack(0x00000019e0800000,0x00000019e0900000)]
  0x000001884b9d5800 JavaThread "jar transforms" [_thread_blocked, id=9352, stack(0x00000019e0900000,0x00000019e0a00000)]
  0x000001884b9d4800 JavaThread "jar transforms Thread 2" [_thread_blocked, id=16796, stack(0x00000019e0a00000,0x00000019e0b00000)]
  0x000001884b9dd800 JavaThread "jar transforms Thread 3" [_thread_blocked, id=14324, stack(0x00000019e0b00000,0x00000019e0c00000)]
  0x000001884b9d9800 JavaThread "jar transforms Thread 4" [_thread_blocked, id=17580, stack(0x00000019e0c00000,0x00000019e0d00000)]
  0x000001884b9e0000 JavaThread "Cache worker for dependencies-accessors (C:\springboot\commerce\.gradle\8.1.1\dependencies-accessors)" [_thread_blocked, id=14652, stack(0x00000019e0d00000,0x00000019e0e00000)]
  0x000001884b9dc000 JavaThread "Cache worker for Build Output Cleanup Cache (C:\springboot\commerce\.gradle\buildOutputCleanup)" [_thread_blocked, id=13872, stack(0x00000019e0000000,0x00000019e0100000)]
  0x000001884b9dc800 JavaThread "Unconstrained build operations" [_thread_blocked, id=11428, stack(0x00000019e0e00000,0x00000019e0f00000)]
  0x000001884b9da000 JavaThread "Unconstrained build operations Thread 2" [_thread_blocked, id=16724, stack(0x00000019e1000000,0x00000019e1100000)]
  0x000001884b9e0800 JavaThread "Unconstrained build operations Thread 3" [_thread_blocked, id=12796, stack(0x00000019e1100000,0x00000019e1200000)]
  0x000001884b9e1800 JavaThread "Memory manager" [_thread_blocked, id=6612, stack(0x00000019e1200000,0x00000019e1300000)]
  0x000001884b9e2800 JavaThread "included builds" [_thread_blocked, id=10624, stack(0x00000019e1400000,0x00000019e1500000)]
  0x000001884b9e3000 JavaThread "Execution worker" [_thread_blocked, id=18800, stack(0x00000019e1500000,0x00000019e1600000)]
  0x000001884f2ce800 JavaThread "Execution worker Thread 2" [_thread_blocked, id=18720, stack(0x00000019e1600000,0x00000019e1700000)]
  0x000001884f2cf800 JavaThread "Execution worker Thread 3" [_thread_blocked, id=2936, stack(0x00000019e1700000,0x00000019e1800000)]
  0x000001884f2ce000 JavaThread "Cache worker for execution history cache (C:\springboot\commerce\.gradle\8.1.1\executionHistory)" [_thread_blocked, id=124, stack(0x00000019e1800000,0x00000019e1900000)]
  0x000001884f2d0800 JavaThread "Unconstrained build operations Thread 4" [_thread_blocked, id=16744, stack(0x00000019e1900000,0x00000019e1a00000)]
  0x000001884f2d1000 JavaThread "Unconstrained build operations Thread 5" [_thread_blocked, id=17984, stack(0x00000019e1a00000,0x00000019e1b00000)]
  0x000001884f2d3000 JavaThread "Unconstrained build operations Thread 6" [_thread_blocked, id=3112, stack(0x00000019e1b00000,0x00000019e1c00000)]
  0x000001884f2d2000 JavaThread "Unconstrained build operations Thread 7" [_thread_blocked, id=6632, stack(0x00000019e1c00000,0x00000019e1d00000)]
  0x000001884f2cd000 JavaThread "Unconstrained build operations Thread 8" [_thread_blocked, id=6756, stack(0x00000019e1d00000,0x00000019e1e00000)]
  0x000001884f2d3800 JavaThread "Unconstrained build operations Thread 9" [_thread_blocked, id=8004, stack(0x00000019e1e00000,0x00000019e1f00000)]
  0x000001884f2d6000 JavaThread "Unconstrained build operations Thread 10" [_thread_blocked, id=11192, stack(0x00000019e1f00000,0x00000019e2000000)]
  0x000001884f2d8800 JavaThread "Unconstrained build operations Thread 11" [_thread_blocked, id=9240, stack(0x00000019e2000000,0x00000019e2100000)]
  0x000001884f2d7800 JavaThread "Unconstrained build operations Thread 12" [_thread_blocked, id=18164, stack(0x00000019e2100000,0x00000019e2200000)]
  0x000001884f2da000 JavaThread "Unconstrained build operations Thread 13" [_thread_blocked, id=19308, stack(0x00000019e2200000,0x00000019e2300000)]
  0x000001884f2d5000 JavaThread "Unconstrained build operations Thread 14" [_thread_blocked, id=4244, stack(0x00000019e2300000,0x00000019e2400000)]
  0x000001884f2d4800 JavaThread "Unconstrained build operations Thread 15" [_thread_blocked, id=11288, stack(0x00000019e2400000,0x00000019e2500000)]
  0x000001884f2db000 JavaThread "Unconstrained build operations Thread 16" [_thread_blocked, id=10548, stack(0x00000019e2500000,0x00000019e2600000)]
  0x000001884f2dc000 JavaThread "Unconstrained build operations Thread 17" [_thread_blocked, id=13740, stack(0x00000019e2600000,0x00000019e2700000)]
  0x000001884f2d9800 JavaThread "Unconstrained build operations Thread 18" [_thread_blocked, id=14308, stack(0x00000019e2700000,0x00000019e2800000)]
  0x000001884f2d7000 JavaThread "Unconstrained build operations Thread 19" [_thread_blocked, id=18396, stack(0x00000019e2800000,0x00000019e2900000)]
  0x000001884bffe800 JavaThread "Unconstrained build operations Thread 20" [_thread_blocked, id=17248, stack(0x00000019e2900000,0x00000019e2a00000)]
  0x000001884bffd000 JavaThread "Unconstrained build operations Thread 21" [_thread_blocked, id=19408, stack(0x00000019e2a00000,0x00000019e2b00000)]
  0x000001884bffe000 JavaThread "Unconstrained build operations Thread 22" [_thread_blocked, id=17076, stack(0x00000019e2b00000,0x00000019e2c00000)]
  0x000001884c002800 JavaThread "Unconstrained build operations Thread 23" [_thread_blocked, id=9164, stack(0x00000019e2c00000,0x00000019e2d00000)]
  0x000001884c005000 JavaThread "Unconstrained build operations Thread 24" [_thread_blocked, id=12868, stack(0x00000019e2d00000,0x00000019e2e00000)]
  0x000001884c000800 JavaThread "Unconstrained build operations Thread 25" [_thread_blocked, id=18312, stack(0x00000019e2e00000,0x00000019e2f00000)]
  0x000001884c001000 JavaThread "Unconstrained build operations Thread 26" [_thread_blocked, id=18568, stack(0x00000019e2f00000,0x00000019e3000000)]
  0x000001884c003800 JavaThread "Unconstrained build operations Thread 27" [_thread_blocked, id=11628, stack(0x00000019e3000000,0x00000019e3100000)]
  0x000001884c002000 JavaThread "Unconstrained build operations Thread 28" [_thread_blocked, id=11700, stack(0x00000019e3100000,0x00000019e3200000)]
  0x000001884bfff800 JavaThread "Unconstrained build operations Thread 29" [_thread_blocked, id=11312, stack(0x00000019e3200000,0x00000019e3300000)]
  0x000001884c004800 JavaThread "Unconstrained build operations Thread 30" [_thread_blocked, id=9228, stack(0x00000019e3300000,0x00000019e3400000)]
  0x000001884c00b000 JavaThread "Unconstrained build operations Thread 31" [_thread_blocked, id=16616, stack(0x00000019e3400000,0x00000019e3500000)]
  0x000001884c00a000 JavaThread "Unconstrained build operations Thread 32" [_thread_blocked, id=1552, stack(0x00000019e3500000,0x00000019e3600000)]
  0x000001884c008800 JavaThread "Unconstrained build operations Thread 33" [_thread_blocked, id=2000, stack(0x00000019e3600000,0x00000019e3700000)]
  0x000001884c007800 JavaThread "Unconstrained build operations Thread 34" [_thread_blocked, id=16712, stack(0x00000019e3700000,0x00000019e3800000)]
  0x000001884c00b800 JavaThread "Unconstrained build operations Thread 35" [_thread_blocked, id=18176, stack(0x00000019e3800000,0x00000019e3900000)]
  0x000001884c006000 JavaThread "Unconstrained build operations Thread 36" [_thread_blocked, id=17016, stack(0x00000019e3900000,0x00000019e3a00000)]
  0x000001884c007000 JavaThread "Unconstrained build operations Thread 37" [_thread_blocked, id=2924, stack(0x00000019e3a00000,0x00000019e3b00000)]
  0x000001884c009800 JavaThread "Unconstrained build operations Thread 38" [_thread_blocked, id=6864, stack(0x00000019e3b00000,0x00000019e3c00000)]
  0x000001884f8d7000 JavaThread "Unconstrained build operations Thread 39" [_thread_blocked, id=7036, stack(0x00000019e3c00000,0x00000019e3d00000)]
  0x000001884f8d3000 JavaThread "Unconstrained build operations Thread 40" [_thread_blocked, id=14516, stack(0x00000019e3d00000,0x00000019e3e00000)]
  0x000001884f8d8000 JavaThread "Exec process" [_thread_in_native, id=18640, stack(0x00000019e3e00000,0x00000019e3f00000)]
  0x000001884f8d3800 JavaThread "DisconnectableInputStream source reader" daemon [_thread_blocked, id=13392, stack(0x00000019e3f00000,0x00000019e4000000)]
  0x000001884f8da800 JavaThread "Exec process Thread 2" [_thread_blocked, id=12992, stack(0x00000019e4000000,0x00000019e4100000)]
  0x000001884f8d8800 JavaThread "Exec process Thread 3" [_thread_in_native, id=14344, stack(0x00000019e4100000,0x00000019e4200000)]
  0x000001884f8d4800 JavaThread "Exec process Thread 4" [_thread_in_native, id=15372, stack(0x00000019e4200000,0x00000019e4300000)]

Other Threads:
=>0x0000018848cc2000 VMThread "VM Thread" [stack: 0x00000019de500000,0x00000019de600000] [id=16220] _threads_hazard_ptr=0x000001884da6e7e0
  0x000001884983f000 WatcherThread [stack: 0x00000019def00000,0x00000019df000000] [id=11012]
  0x000001882da8b000 GCTaskThread "GC Thread#0" [stack: 0x00000019de000000,0x00000019de100000] [id=10976]
  0x0000018849a49800 GCTaskThread "GC Thread#1" [stack: 0x00000019df000000,0x00000019df100000] [id=13944]
  0x0000018849d6f800 GCTaskThread "GC Thread#2" [stack: 0x00000019df100000,0x00000019df200000] [id=1184]
  0x0000018849d70000 GCTaskThread "GC Thread#3" [stack: 0x00000019df200000,0x00000019df300000] [id=11872]
  0x000001882da9c800 ConcurrentGCThread "G1 Main Marker" [stack: 0x00000019de100000,0x00000019de200000] [id=6356]
  0x000001882da9e800 ConcurrentGCThread "G1 Conc#0" [stack: 0x00000019de200000,0x00000019de300000] [id=17524]
  0x0000018848b58800 ConcurrentGCThread "G1 Refine#0" [stack: 0x00000019de300000,0x00000019de400000] [id=2752]
  0x0000018848b5b000 ConcurrentGCThread "G1 Young RemSet Sampling" [stack: 0x00000019de400000,0x00000019de500000] [id=18572]

Threads with active compile tasks:

VM state:at safepoint (normal execution)

VM Mutex/Monitor currently owned by a thread:  ([mutex/lock_event])
[0x000001882da72c40] Threads_lock - owner thread: 0x0000018848cc2000

Heap address: 0x00000000e0000000, size: 512 MB, Compressed Oops mode: 32-bit
Narrow klass base: 0x0000000000000000, Narrow klass shift: 3
Compressed class space size: 394264576 Address: 0x0000000100000000

Heap:
 garbage-first heap   total 262144K, used 183189K [0x00000000e0000000, 0x0000000100000000)
  region size 1024K, 150 young (153600K), 16 survivors (16384K)
 Metaspace       used 69221K, capacity 71582K, committed 71720K, reserved 448512K
  class space    used 9088K, capacity 9967K, committed 10072K, reserved 385024K
Heap Regions: E=young(eden), S=young(survivor), O=old, HS=humongous(starts), HC=humongous(continues), CS=collection set, F=free, A=archive, TAMS=top-at-mark-start (previous, next)
|   0|0x00000000e0000000, 0x00000000e0100000, 0x00000000e0100000|100%| O|  |TAMS 0x00000000e0100000, 0x00000000e0000000| Untracked 
|   1|0x00000000e0100000, 0x00000000e0200000, 0x00000000e0200000|100%| O|  |TAMS 0x00000000e0200000, 0x00000000e0100000| Untracked 
|   2|0x00000000e0200000, 0x00000000e0300000, 0x00000000e0300000|100%|HS|  |TAMS 0x00000000e0300000, 0x00000000e0200000| Complete 
|   3|0x00000000e0300000, 0x00000000e0400000, 0x00000000e0400000|100%|HC|  |TAMS 0x00000000e0400000, 0x00000000e0300000| Complete 
|   4|0x00000000e0400000, 0x00000000e0500000, 0x00000000e0500000|100%|HC|  |TAMS 0x00000000e0500000, 0x00000000e0400000| Complete 
|   5|0x00000000e0500000, 0x00000000e0600000, 0x00000000e0600000|100%|HC|  |TAMS 0x00000000e0600000, 0x00000000e0500000| Complete 
|   6|0x00000000e0600000, 0x00000000e0700000, 0x00000000e0700000|100%| O|  |TAMS 0x00000000e0700000, 0x00000000e0600000| Untracked 
|   7|0x00000000e0700000, 0x00000000e0800000, 0x00000000e0800000|100%| O|  |TAMS 0x00000000e0800000, 0x00000000e0700000| Untracked 
|   8|0x00000000e0800000, 0x00000000e0900000, 0x00000000e0900000|100%| O|  |TAMS 0x00000000e0900000, 0x00000000e0800000| Untracked 
|   9|0x00000000e0900000, 0x00000000e0a00000, 0x00000000e0a00000|100%| O|  |TAMS 0x00000000e0a00000, 0x00000000e0900000| Untracked 
|  10|0x00000000e0a00000, 0x00000000e0b00000, 0x00000000e0b00000|100%| O|  |TAMS 0x00000000e0b00000, 0x00000000e0a00000| Untracked 
|  11|0x00000000e0b00000, 0x00000000e0c00000, 0x00000000e0c00000|100%| O|  |TAMS 0x00000000e0c00000, 0x00000000e0b00000| Untracked 
|  12|0x00000000e0c00000, 0x00000000e0d00000, 0x00000000e0d00000|100%| O|  |TAMS 0x00000000e0d00000, 0x00000000e0c00000| Untracked 
|  13|0x00000000e0d00000, 0x00000000e0e00000, 0x00000000e0e00000|100%| O|  |TAMS 0x00000000e0e00000, 0x00000000e0d00000| Untracked 
|  14|0x00000000e0e00000, 0x00000000e0f00000, 0x00000000e0f00000|100%| O|  |TAMS 0x00000000e0f00000, 0x00000000e0e00000| Untracked 
|  15|0x00000000e0f00000, 0x00000000e1000000, 0x00000000e1000000|100%| O|  |TAMS 0x00000000e1000000, 0x00000000e0f00000| Untracked 
|  16|0x00000000e1000000, 0x00000000e1100000, 0x00000000e1100000|100%| O|  |TAMS 0x00000000e1100000, 0x00000000e1000000| Untracked 
|  17|0x00000000e1100000, 0x00000000e1200000, 0x00000000e1200000|100%| O|  |TAMS 0x00000000e1200000, 0x00000000e1100000| Untracked 
|  18|0x00000000e1200000, 0x00000000e1300000, 0x00000000e1300000|100%| O|  |TAMS 0x00000000e1300000, 0x00000000e1200000| Untracked 
|  19|0x00000000e1300000, 0x00000000e1400000, 0x00000000e1400000|100%| O|  |TAMS 0x00000000e1400000, 0x00000000e1300000| Untracked 
|  20|0x00000000e1400000, 0x00000000e1500000, 0x00000000e1500000|100%| O|  |TAMS 0x00000000e1500000, 0x00000000e1400000| Untracked 
|  21|0x00000000e1500000, 0x00000000e1600000, 0x00000000e1600000|100%| O|  |TAMS 0x00000000e1600000, 0x00000000e1500000| Untracked 
|  22|0x00000000e1600000, 0x00000000e1700000, 0x00000000e1700000|100%| O|  |TAMS 0x00000000e1700000, 0x00000000e1600000| Untracked 
|  23|0x00000000e1700000, 0x00000000e1800000, 0x00000000e1800000|100%| O|  |TAMS 0x00000000e1710200, 0x00000000e1700000| Untracked 
|  24|0x00000000e1800000, 0x00000000e1900000, 0x00000000e1900000|100%| O|  |TAMS 0x00000000e1800000, 0x00000000e1800000| Untracked 
|  25|0x00000000e1900000, 0x00000000e1a00000, 0x00000000e1a00000|100%| O|  |TAMS 0x00000000e1900000, 0x00000000e1900000| Untracked 
|  26|0x00000000e1a00000, 0x00000000e1b00000, 0x00000000e1b00000|100%| O|  |TAMS 0x00000000e1a00000, 0x00000000e1a00000| Untracked 
|  27|0x00000000e1b00000, 0x00000000e1c00000, 0x00000000e1c00000|100%| O|  |TAMS 0x00000000e1b00000, 0x00000000e1b00000| Untracked 
|  28|0x00000000e1c00000, 0x00000000e1d00000, 0x00000000e1d00000|100%| O|  |TAMS 0x00000000e1c00000, 0x00000000e1c00000| Untracked 
|  29|0x00000000e1d00000, 0x00000000e1e00000, 0x00000000e1e00000|100%| O|  |TAMS 0x00000000e1d00000, 0x00000000e1d00000| Untracked 
|  30|0x00000000e1e00000, 0x00000000e1e65600, 0x00000000e1f00000| 39%| O|  |TAMS 0x00000000e1e00000, 0x00000000e1e00000| Untracked 
|  31|0x00000000e1f00000, 0x00000000e1f00000, 0x00000000e2000000|  0%| F|  |TAMS 0x00000000e1f00000, 0x00000000e1f00000| Untracked 
|  32|0x00000000e2000000, 0x00000000e2000000, 0x00000000e2100000|  0%| F|  |TAMS 0x00000000e2000000, 0x00000000e2000000| Untracked 
|  33|0x00000000e2100000, 0x00000000e2100000, 0x00000000e2200000|  0%| F|  |TAMS 0x00000000e2100000, 0x00000000e2100000| Untracked 
|  34|0x00000000e2200000, 0x00000000e2200000, 0x00000000e2300000|  0%| F|  |TAMS 0x00000000e2200000, 0x00000000e2200000| Untracked 
|  35|0x00000000e2300000, 0x00000000e2300000, 0x00000000e2400000|  0%| F|  |TAMS 0x00000000e2300000, 0x00000000e2300000| Untracked 
|  36|0x00000000e2400000, 0x00000000e2400000, 0x00000000e2500000|  0%| F|  |TAMS 0x00000000e2400000, 0x00000000e2400000| Untracked 
|  37|0x00000000e2500000, 0x00000000e2500000, 0x00000000e2600000|  0%| F|  |TAMS 0x00000000e2500000, 0x00000000e2500000| Untracked 
|  38|0x00000000e2600000, 0x00000000e2600000, 0x00000000e2700000|  0%| F|  |TAMS 0x00000000e2600000, 0x00000000e2600000| Untracked 
|  39|0x00000000e2700000, 0x00000000e2700000, 0x00000000e2800000|  0%| F|  |TAMS 0x00000000e2700000, 0x00000000e2700000| Untracked 
|  40|0x00000000e2800000, 0x00000000e2800000, 0x00000000e2900000|  0%| F|  |TAMS 0x00000000e2800000, 0x00000000e2800000| Untracked 
|  41|0x00000000e2900000, 0x00000000e2900000, 0x00000000e2a00000|  0%| F|  |TAMS 0x00000000e2900000, 0x00000000e2900000| Untracked 
|  42|0x00000000e2a00000, 0x00000000e2a00000, 0x00000000e2b00000|  0%| F|  |TAMS 0x00000000e2a00000, 0x00000000e2a00000| Untracked 
|  43|0x00000000e2b00000, 0x00000000e2b00000, 0x00000000e2c00000|  0%| F|  |TAMS 0x00000000e2b00000, 0x00000000e2b00000| Untracked 
|  44|0x00000000e2c00000, 0x00000000e2c00000, 0x00000000e2d00000|  0%| F|  |TAMS 0x00000000e2c00000, 0x00000000e2c00000| Untracked 
|  45|0x00000000e2d00000, 0x00000000e2d00000, 0x00000000e2e00000|  0%| F|  |TAMS 0x00000000e2d00000, 0x00000000e2d00000| Untracked 
|  46|0x00000000e2e00000, 0x00000000e2e00000, 0x00000000e2f00000|  0%| F|  |TAMS 0x00000000e2e00000, 0x00000000e2e00000| Untracked 
|  47|0x00000000e2f00000, 0x00000000e2f00000, 0x00000000e3000000|  0%| F|  |TAMS 0x00000000e2f00000, 0x00000000e2f00000| Untracked 
|  48|0x00000000e3000000, 0x00000000e3000000, 0x00000000e3100000|  0%| F|  |TAMS 0x00000000e3000000, 0x00000000e3000000| Untracked 
|  49|0x00000000e3100000, 0x00000000e3100000, 0x00000000e3200000|  0%| F|  |TAMS 0x00000000e3100000, 0x00000000e3100000| Untracked 
|  50|0x00000000e3200000, 0x00000000e3200000, 0x00000000e3300000|  0%| F|  |TAMS 0x00000000e3200000, 0x00000000e3200000| Untracked 
|  51|0x00000000e3300000, 0x00000000e3300000, 0x00000000e3400000|  0%| F|  |TAMS 0x00000000e3300000, 0x00000000e3300000| Untracked 
|  52|0x00000000e3400000, 0x00000000e3400000, 0x00000000e3500000|  0%| F|  |TAMS 0x00000000e3400000, 0x00000000e3400000| Untracked 
|  53|0x00000000e3500000, 0x00000000e3500000, 0x00000000e3600000|  0%| F|  |TAMS 0x00000000e3500000, 0x00000000e3500000| Untracked 
|  54|0x00000000e3600000, 0x00000000e3600000, 0x00000000e3700000|  0%| F|  |TAMS 0x00000000e3600000, 0x00000000e3600000| Untracked 
|  55|0x00000000e3700000, 0x00000000e3700000, 0x00000000e3800000|  0%| F|  |TAMS 0x00000000e3700000, 0x00000000e3700000| Untracked 
|  56|0x00000000e3800000, 0x00000000e3800000, 0x00000000e3900000|  0%| F|  |TAMS 0x00000000e3800000, 0x00000000e3800000| Untracked 
|  57|0x00000000e3900000, 0x00000000e3900000, 0x00000000e3a00000|  0%| F|  |TAMS 0x00000000e3900000, 0x00000000e3900000| Untracked 
|  58|0x00000000e3a00000, 0x00000000e3a00000, 0x00000000e3b00000|  0%| F|  |TAMS 0x00000000e3a00000, 0x00000000e3a00000| Untracked 
|  59|0x00000000e3b00000, 0x00000000e3b00000, 0x00000000e3c00000|  0%| F|  |TAMS 0x00000000e3b00000, 0x00000000e3b00000| Untracked 
|  60|0x00000000e3c00000, 0x00000000e3c00000, 0x00000000e3d00000|  0%| F|  |TAMS 0x00000000e3c00000, 0x00000000e3c00000| Untracked 
|  61|0x00000000e3d00000, 0x00000000e3d00000, 0x00000000e3e00000|  0%| F|  |TAMS 0x00000000e3d00000, 0x00000000e3d00000| Untracked 
|  62|0x00000000e3e00000, 0x00000000e3e00000, 0x00000000e3f00000|  0%| F|  |TAMS 0x00000000e3e00000, 0x00000000e3e00000| Untracked 
|  63|0x00000000e3f00000, 0x00000000e3f00000, 0x00000000e4000000|  0%| F|  |TAMS 0x00000000e3f00000, 0x00000000e3f00000| Untracked 
|  64|0x00000000e4000000, 0x00000000e4000000, 0x00000000e4100000|  0%| F|  |TAMS 0x00000000e4000000, 0x00000000e4000000| Untracked 
|  65|0x00000000e4100000, 0x00000000e4100000, 0x00000000e4200000|  0%| F|  |TAMS 0x00000000e4100000, 0x00000000e4100000| Untracked 
|  66|0x00000000e4200000, 0x00000000e4200000, 0x00000000e4300000|  0%| F|  |TAMS 0x00000000e4200000, 0x00000000e4200000| Untracked 
|  67|0x00000000e4300000, 0x00000000e4300000, 0x00000000e4400000|  0%| F|  |TAMS 0x00000000e4300000, 0x00000000e4300000| Untracked 
|  68|0x00000000e4400000, 0x00000000e4400000, 0x00000000e4500000|  0%| F|  |TAMS 0x00000000e4400000, 0x00000000e4400000| Untracked 
|  69|0x00000000e4500000, 0x00000000e4500000, 0x00000000e4600000|  0%| F|  |TAMS 0x00000000e4500000, 0x00000000e4500000| Untracked 
|  70|0x00000000e4600000, 0x00000000e4600000, 0x00000000e4700000|  0%| F|  |TAMS 0x00000000e4600000, 0x00000000e4600000| Untracked 
|  71|0x00000000e4700000, 0x00000000e4700000, 0x00000000e4800000|  0%| F|  |TAMS 0x00000000e4700000, 0x00000000e4700000| Untracked 
|  72|0x00000000e4800000, 0x00000000e4800000, 0x00000000e4900000|  0%| F|  |TAMS 0x00000000e4800000, 0x00000000e4800000| Untracked 
|  73|0x00000000e4900000, 0x00000000e4900000, 0x00000000e4a00000|  0%| F|  |TAMS 0x00000000e4900000, 0x00000000e4900000| Untracked 
|  74|0x00000000e4a00000, 0x00000000e4a00000, 0x00000000e4b00000|  0%| F|  |TAMS 0x00000000e4a00000, 0x00000000e4a00000| Untracked 
|  75|0x00000000e4b00000, 0x00000000e4b00000, 0x00000000e4c00000|  0%| F|  |TAMS 0x00000000e4b00000, 0x00000000e4b00000| Untracked 
|  76|0x00000000e4c00000, 0x00000000e4c00000, 0x00000000e4d00000|  0%| F|  |TAMS 0x00000000e4c00000, 0x00000000e4c00000| Untracked 
|  77|0x00000000e4d00000, 0x00000000e4d00000, 0x00000000e4e00000|  0%| F|  |TAMS 0x00000000e4d00000, 0x00000000e4d00000| Untracked 
|  78|0x00000000e4e00000, 0x00000000e4e00000, 0x00000000e4f00000|  0%| F|  |TAMS 0x00000000e4e00000, 0x00000000e4e00000| Untracked 
|  79|0x00000000e4f00000, 0x00000000e4f00000, 0x00000000e5000000|  0%| F|  |TAMS 0x00000000e4f00000, 0x00000000e4f00000| Untracked 
|  80|0x00000000e5000000, 0x00000000e5000000, 0x00000000e5100000|  0%| F|  |TAMS 0x00000000e5000000, 0x00000000e5000000| Untracked 
|  81|0x00000000e5100000, 0x00000000e5100000, 0x00000000e5200000|  0%| F|  |TAMS 0x00000000e5100000, 0x00000000e5100000| Untracked 
|  82|0x00000000e5200000, 0x00000000e5200000, 0x00000000e5300000|  0%| F|  |TAMS 0x00000000e5200000, 0x00000000e5200000| Untracked 
|  83|0x00000000e5300000, 0x00000000e5300000, 0x00000000e5400000|  0%| F|  |TAMS 0x00000000e5300000, 0x00000000e5300000| Untracked 
|  84|0x00000000e5400000, 0x00000000e5400000, 0x00000000e5500000|  0%| F|  |TAMS 0x00000000e5400000, 0x00000000e5400000| Untracked 
|  85|0x00000000e5500000, 0x00000000e5500000, 0x00000000e5600000|  0%| F|  |TAMS 0x00000000e5500000, 0x00000000e5500000| Untracked 
|  86|0x00000000e5600000, 0x00000000e5600000, 0x00000000e5700000|  0%| F|  |TAMS 0x00000000e5600000, 0x00000000e5600000| Untracked 
|  87|0x00000000e5700000, 0x00000000e5780000, 0x00000000e5800000| 50%| S|CS|TAMS 0x00000000e5700000, 0x00000000e5700000| Complete 
|  88|0x00000000e5800000, 0x00000000e5900000, 0x00000000e5900000|100%| S|CS|TAMS 0x00000000e5800000, 0x00000000e5800000| Complete 
|  89|0x00000000e5900000, 0x00000000e5a00000, 0x00000000e5a00000|100%| S|CS|TAMS 0x00000000e5900000, 0x00000000e5900000| Complete 
|  90|0x00000000e5a00000, 0x00000000e5b00000, 0x00000000e5b00000|100%| S|CS|TAMS 0x00000000e5a00000, 0x00000000e5a00000| Complete 
|  91|0x00000000e5b00000, 0x00000000e5c00000, 0x00000000e5c00000|100%| S|CS|TAMS 0x00000000e5b00000, 0x00000000e5b00000| Complete 
|  92|0x00000000e5c00000, 0x00000000e5d00000, 0x00000000e5d00000|100%| S|CS|TAMS 0x00000000e5c00000, 0x00000000e5c00000| Complete 
|  93|0x00000000e5d00000, 0x00000000e5e00000, 0x00000000e5e00000|100%| S|CS|TAMS 0x00000000e5d00000, 0x00000000e5d00000| Complete 
|  94|0x00000000e5e00000, 0x00000000e5f00000, 0x00000000e5f00000|100%| S|CS|TAMS 0x00000000e5e00000, 0x00000000e5e00000| Complete 
|  95|0x00000000e5f00000, 0x00000000e6000000, 0x00000000e6000000|100%| S|CS|TAMS 0x00000000e5f00000, 0x00000000e5f00000| Complete 
|  96|0x00000000e6000000, 0x00000000e6100000, 0x00000000e6100000|100%| S|CS|TAMS 0x00000000e6000000, 0x00000000e6000000| Complete 
|  97|0x00000000e6100000, 0x00000000e6200000, 0x00000000e6200000|100%| S|CS|TAMS 0x00000000e6100000, 0x00000000e6100000| Complete 
|  98|0x00000000e6200000, 0x00000000e6300000, 0x00000000e6300000|100%| S|CS|TAMS 0x00000000e6200000, 0x00000000e6200000| Complete 
|  99|0x00000000e6300000, 0x00000000e6400000, 0x00000000e6400000|100%| S|CS|TAMS 0x00000000e6300000, 0x00000000e6300000| Complete 
| 100|0x00000000e6400000, 0x00000000e6500000, 0x00000000e6500000|100%| S|CS|TAMS 0x00000000e6400000, 0x00000000e6400000| Complete 
| 101|0x00000000e6500000, 0x00000000e6600000, 0x00000000e6600000|100%| S|CS|TAMS 0x00000000e6500000, 0x00000000e6500000| Complete 
| 102|0x00000000e6600000, 0x00000000e6700000, 0x00000000e6700000|100%| S|CS|TAMS 0x00000000e6600000, 0x00000000e6600000| Complete 
| 103|0x00000000e6700000, 0x00000000e6700000, 0x00000000e6800000|  0%| F|  |TAMS 0x00000000e6700000, 0x00000000e6700000| Untracked 
| 104|0x00000000e6800000, 0x00000000e6800000, 0x00000000e6900000|  0%| F|  |TAMS 0x00000000e6800000, 0x00000000e6800000| Untracked 
| 105|0x00000000e6900000, 0x00000000e6900000, 0x00000000e6a00000|  0%| F|  |TAMS 0x00000000e6900000, 0x00000000e6900000| Untracked 
| 106|0x00000000e6a00000, 0x00000000e6a00000, 0x00000000e6b00000|  0%| F|  |TAMS 0x00000000e6a00000, 0x00000000e6a00000| Untracked 
| 107|0x00000000e6b00000, 0x00000000e6b00000, 0x00000000e6c00000|  0%| F|  |TAMS 0x00000000e6b00000, 0x00000000e6b00000| Untracked 
| 108|0x00000000e6c00000, 0x00000000e6c00000, 0x00000000e6d00000|  0%| F|  |TAMS 0x00000000e6c00000, 0x00000000e6c00000| Untracked 
| 109|0x00000000e6d00000, 0x00000000e6d00000, 0x00000000e6e00000|  0%| F|  |TAMS 0x00000000e6d00000, 0x00000000e6d00000| Untracked 
| 110|0x00000000e6e00000, 0x00000000e6e00000, 0x00000000e6f00000|  0%| F|  |TAMS 0x00000000e6e00000, 0x00000000e6e00000| Untracked 
| 111|0x00000000e6f00000, 0x00000000e6f00000, 0x00000000e7000000|  0%| F|  |TAMS 0x00000000e6f00000, 0x00000000e6f00000| Untracked 
| 112|0x00000000e7000000, 0x00000000e7000000, 0x00000000e7100000|  0%| F|  |TAMS 0x00000000e7000000, 0x00000000e7000000| Untracked 
| 113|0x00000000e7100000, 0x00000000e7100000, 0x00000000e7200000|  0%| F|  |TAMS 0x00000000e7100000, 0x00000000e7100000| Untracked 
| 114|0x00000000e7200000, 0x00000000e7200000, 0x00000000e7300000|  0%| F|  |TAMS 0x00000000e7200000, 0x00000000e7200000| Untracked 
| 115|0x00000000e7300000, 0x00000000e7300000, 0x00000000e7400000|  0%| F|  |TAMS 0x00000000e7300000, 0x00000000e7300000| Untracked 
| 116|0x00000000e7400000, 0x00000000e7400000, 0x00000000e7500000|  0%| F|  |TAMS 0x00000000e7400000, 0x00000000e7400000| Untracked 
| 117|0x00000000e7500000, 0x00000000e7500000, 0x00000000e7600000|  0%| F|  |TAMS 0x00000000e7500000, 0x00000000e7500000| Untracked 
| 118|0x00000000e7600000, 0x00000000e7600000, 0x00000000e7700000|  0%| F|  |TAMS 0x00000000e7600000, 0x00000000e7600000| Untracked 
| 119|0x00000000e7700000, 0x00000000e7700000, 0x00000000e7800000|  0%| F|  |TAMS 0x00000000e7700000, 0x00000000e7700000| Untracked 
| 120|0x00000000e7800000, 0x00000000e7800000, 0x00000000e7900000|  0%| F|  |TAMS 0x00000000e7800000, 0x00000000e7800000| Untracked 
| 121|0x00000000e7900000, 0x00000000e7900000, 0x00000000e7a00000|  0%| F|  |TAMS 0x00000000e7900000, 0x00000000e7900000| Untracked 
| 122|0x00000000e7a00000, 0x00000000e7a7dca8, 0x00000000e7b00000| 49%| E|  |TAMS 0x00000000e7a00000, 0x00000000e7a00000| Complete 
| 123|0x00000000e7b00000, 0x00000000e7c00000, 0x00000000e7c00000|100%| E|CS|TAMS 0x00000000e7b00000, 0x00000000e7b00000| Complete 
| 124|0x00000000e7c00000, 0x00000000e7d00000, 0x00000000e7d00000|100%| E|CS|TAMS 0x00000000e7c00000, 0x00000000e7c00000| Complete 
| 125|0x00000000e7d00000, 0x00000000e7e00000, 0x00000000e7e00000|100%| E|CS|TAMS 0x00000000e7d00000, 0x00000000e7d00000| Complete 
| 126|0x00000000e7e00000, 0x00000000e7f00000, 0x00000000e7f00000|100%| E|CS|TAMS 0x00000000e7e00000, 0x00000000e7e00000| Complete 
| 127|0x00000000e7f00000, 0x00000000e8000000, 0x00000000e8000000|100%| E|CS|TAMS 0x00000000e7f00000, 0x00000000e7f00000| Complete 
| 128|0x00000000e8000000, 0x00000000e8100000, 0x00000000e8100000|100%| E|CS|TAMS 0x00000000e8000000, 0x00000000e8000000| Complete 
| 129|0x00000000e8100000, 0x00000000e8200000, 0x00000000e8200000|100%| E|CS|TAMS 0x00000000e8100000, 0x00000000e8100000| Complete 
| 130|0x00000000e8200000, 0x00000000e8300000, 0x00000000e8300000|100%| E|CS|TAMS 0x00000000e8200000, 0x00000000e8200000| Complete 
| 131|0x00000000e8300000, 0x00000000e8400000, 0x00000000e8400000|100%| E|CS|TAMS 0x00000000e8300000, 0x00000000e8300000| Complete 
| 132|0x00000000e8400000, 0x00000000e8500000, 0x00000000e8500000|100%| E|CS|TAMS 0x00000000e8400000, 0x00000000e8400000| Complete 
| 133|0x00000000e8500000, 0x00000000e8600000, 0x00000000e8600000|100%| E|CS|TAMS 0x00000000e8500000, 0x00000000e8500000| Complete 
| 134|0x00000000e8600000, 0x00000000e8700000, 0x00000000e8700000|100%| E|CS|TAMS 0x00000000e8600000, 0x00000000e8600000| Complete 
| 135|0x00000000e8700000, 0x00000000e8800000, 0x00000000e8800000|100%| E|CS|TAMS 0x00000000e8700000, 0x00000000e8700000| Complete 
| 136|0x00000000e8800000, 0x00000000e8900000, 0x00000000e8900000|100%| E|CS|TAMS 0x00000000e8800000, 0x00000000e8800000| Complete 
| 137|0x00000000e8900000, 0x00000000e8a00000, 0x00000000e8a00000|100%| E|CS|TAMS 0x00000000e8900000, 0x00000000e8900000| Complete 
| 138|0x00000000e8a00000, 0x00000000e8b00000, 0x00000000e8b00000|100%| E|CS|TAMS 0x00000000e8a00000, 0x00000000e8a00000| Complete 
| 139|0x00000000e8b00000, 0x00000000e8c00000, 0x00000000e8c00000|100%| E|CS|TAMS 0x00000000e8b00000, 0x00000000e8b00000| Complete 
| 140|0x00000000e8c00000, 0x00000000e8d00000, 0x00000000e8d00000|100%| E|CS|TAMS 0x00000000e8c00000, 0x00000000e8c00000| Complete 
| 141|0x00000000e8d00000, 0x00000000e8e00000, 0x00000000e8e00000|100%| E|CS|TAMS 0x00000000e8d00000, 0x00000000e8d00000| Complete 
| 142|0x00000000e8e00000, 0x00000000e8f00000, 0x00000000e8f00000|100%| E|CS|TAMS 0x00000000e8e00000, 0x00000000e8e00000| Complete 
| 143|0x00000000e8f00000, 0x00000000e9000000, 0x00000000e9000000|100%| E|CS|TAMS 0x00000000e8f00000, 0x00000000e8f00000| Complete 
| 144|0x00000000e9000000, 0x00000000e9100000, 0x00000000e9100000|100%| E|CS|TAMS 0x00000000e9000000, 0x00000000e9000000| Complete 
| 145|0x00000000e9100000, 0x00000000e9200000, 0x00000000e9200000|100%| E|CS|TAMS 0x00000000e9100000, 0x00000000e9100000| Complete 
| 146|0x00000000e9200000, 0x00000000e9300000, 0x00000000e9300000|100%| E|CS|TAMS 0x00000000e9200000, 0x00000000e9200000| Complete 
| 147|0x00000000e9300000, 0x00000000e9400000, 0x00000000e9400000|100%| E|CS|TAMS 0x00000000e9300000, 0x00000000e9300000| Complete 
| 148|0x00000000e9400000, 0x00000000e9500000, 0x00000000e9500000|100%| E|CS|TAMS 0x00000000e9400000, 0x00000000e9400000| Complete 
| 149|0x00000000e9500000, 0x00000000e9600000, 0x00000000e9600000|100%| E|CS|TAMS 0x00000000e9500000, 0x00000000e9500000| Complete 
| 150|0x00000000e9600000, 0x00000000e9700000, 0x00000000e9700000|100%| E|CS|TAMS 0x00000000e9600000, 0x00000000e9600000| Complete 
| 151|0x00000000e9700000, 0x00000000e9800000, 0x00000000e9800000|100%| E|CS|TAMS 0x00000000e9700000, 0x00000000e9700000| Complete 
| 152|0x00000000e9800000, 0x00000000e9900000, 0x00000000e9900000|100%| E|CS|TAMS 0x00000000e9800000, 0x00000000e9800000| Complete 
| 153|0x00000000e9900000, 0x00000000e9a00000, 0x00000000e9a00000|100%| E|CS|TAMS 0x00000000e9900000, 0x00000000e9900000| Complete 
| 154|0x00000000e9a00000, 0x00000000e9b00000, 0x00000000e9b00000|100%| E|CS|TAMS 0x00000000e9a00000, 0x00000000e9a00000| Complete 
| 155|0x00000000e9b00000, 0x00000000e9c00000, 0x00000000e9c00000|100%| E|CS|TAMS 0x00000000e9b00000, 0x00000000e9b00000| Complete 
| 156|0x00000000e9c00000, 0x00000000e9d00000, 0x00000000e9d00000|100%| E|CS|TAMS 0x00000000e9c00000, 0x00000000e9c00000| Complete 
| 157|0x00000000e9d00000, 0x00000000e9e00000, 0x00000000e9e00000|100%| E|CS|TAMS 0x00000000e9d00000, 0x00000000e9d00000| Complete 
| 158|0x00000000e9e00000, 0x00000000e9f00000, 0x00000000e9f00000|100%| E|CS|TAMS 0x00000000e9e00000, 0x00000000e9e00000| Complete 
| 159|0x00000000e9f00000, 0x00000000ea000000, 0x00000000ea000000|100%| E|CS|TAMS 0x00000000e9f00000, 0x00000000e9f00000| Complete 
| 160|0x00000000ea000000, 0x00000000ea100000, 0x00000000ea100000|100%| E|CS|TAMS 0x00000000ea000000, 0x00000000ea000000| Complete 
| 161|0x00000000ea100000, 0x00000000ea200000, 0x00000000ea200000|100%| E|CS|TAMS 0x00000000ea100000, 0x00000000ea100000| Complete 
| 162|0x00000000ea200000, 0x00000000ea300000, 0x00000000ea300000|100%| E|CS|TAMS 0x00000000ea200000, 0x00000000ea200000| Complete 
| 163|0x00000000ea300000, 0x00000000ea400000, 0x00000000ea400000|100%| E|CS|TAMS 0x00000000ea300000, 0x00000000ea300000| Complete 
| 164|0x00000000ea400000, 0x00000000ea500000, 0x00000000ea500000|100%| E|CS|TAMS 0x00000000ea400000, 0x00000000ea400000| Complete 
| 165|0x00000000ea500000, 0x00000000ea600000, 0x00000000ea600000|100%| E|CS|TAMS 0x00000000ea500000, 0x00000000ea500000| Complete 
| 166|0x00000000ea600000, 0x00000000ea700000, 0x00000000ea700000|100%| E|CS|TAMS 0x00000000ea600000, 0x00000000ea600000| Complete 
| 167|0x00000000ea700000, 0x00000000ea800000, 0x00000000ea800000|100%| E|CS|TAMS 0x00000000ea700000, 0x00000000ea700000| Complete 
| 168|0x00000000ea800000, 0x00000000ea900000, 0x00000000ea900000|100%| E|CS|TAMS 0x00000000ea800000, 0x00000000ea800000| Complete 
| 169|0x00000000ea900000, 0x00000000eaa00000, 0x00000000eaa00000|100%| E|CS|TAMS 0x00000000ea900000, 0x00000000ea900000| Complete 
| 170|0x00000000eaa00000, 0x00000000eab00000, 0x00000000eab00000|100%| E|CS|TAMS 0x00000000eaa00000, 0x00000000eaa00000| Complete 
| 171|0x00000000eab00000, 0x00000000eac00000, 0x00000000eac00000|100%| E|CS|TAMS 0x00000000eab00000, 0x00000000eab00000| Complete 
| 172|0x00000000eac00000, 0x00000000ead00000, 0x00000000ead00000|100%| E|CS|TAMS 0x00000000eac00000, 0x00000000eac00000| Complete 
| 173|0x00000000ead00000, 0x00000000eae00000, 0x00000000eae00000|100%| E|CS|TAMS 0x00000000ead00000, 0x00000000ead00000| Complete 
| 174|0x00000000eae00000, 0x00000000eaf00000, 0x00000000eaf00000|100%| E|CS|TAMS 0x00000000eae00000, 0x00000000eae00000| Complete 
| 175|0x00000000eaf00000, 0x00000000eb000000, 0x00000000eb000000|100%| E|CS|TAMS 0x00000000eaf00000, 0x00000000eaf00000| Complete 
| 176|0x00000000eb000000, 0x00000000eb100000, 0x00000000eb100000|100%| E|CS|TAMS 0x00000000eb000000, 0x00000000eb000000| Complete 
| 177|0x00000000eb100000, 0x00000000eb200000, 0x00000000eb200000|100%| E|CS|TAMS 0x00000000eb100000, 0x00000000eb100000| Complete 
| 178|0x00000000eb200000, 0x00000000eb300000, 0x00000000eb300000|100%| E|CS|TAMS 0x00000000eb200000, 0x00000000eb200000| Complete 
| 179|0x00000000eb300000, 0x00000000eb400000, 0x00000000eb400000|100%| E|CS|TAMS 0x00000000eb300000, 0x00000000eb300000| Complete 
| 180|0x00000000eb400000, 0x00000000eb500000, 0x00000000eb500000|100%| E|CS|TAMS 0x00000000eb400000, 0x00000000eb400000| Complete 
| 181|0x00000000eb500000, 0x00000000eb600000, 0x00000000eb600000|100%| E|CS|TAMS 0x00000000eb500000, 0x00000000eb500000| Complete 
| 182|0x00000000eb600000, 0x00000000eb700000, 0x00000000eb700000|100%| E|CS|TAMS 0x00000000eb600000, 0x00000000eb600000| Complete 
| 183|0x00000000eb700000, 0x00000000eb800000, 0x00000000eb800000|100%| E|CS|TAMS 0x00000000eb700000, 0x00000000eb700000| Complete 
| 184|0x00000000eb800000, 0x00000000eb900000, 0x00000000eb900000|100%| E|CS|TAMS 0x00000000eb800000, 0x00000000eb800000| Complete 
| 185|0x00000000eb900000, 0x00000000eba00000, 0x00000000eba00000|100%| E|CS|TAMS 0x00000000eb900000, 0x00000000eb900000| Complete 
| 186|0x00000000eba00000, 0x00000000ebb00000, 0x00000000ebb00000|100%| E|CS|TAMS 0x00000000eba00000, 0x00000000eba00000| Complete 
| 187|0x00000000ebb00000, 0x00000000ebc00000, 0x00000000ebc00000|100%| E|CS|TAMS 0x00000000ebb00000, 0x00000000ebb00000| Complete 
| 188|0x00000000ebc00000, 0x00000000ebd00000, 0x00000000ebd00000|100%| E|CS|TAMS 0x00000000ebc00000, 0x00000000ebc00000| Complete 
| 189|0x00000000ebd00000, 0x00000000ebe00000, 0x00000000ebe00000|100%| E|CS|TAMS 0x00000000ebd00000, 0x00000000ebd00000| Complete 
| 190|0x00000000ebe00000, 0x00000000ebf00000, 0x00000000ebf00000|100%| E|CS|TAMS 0x00000000ebe00000, 0x00000000ebe00000| Complete 
| 191|0x00000000ebf00000, 0x00000000ec000000, 0x00000000ec000000|100%| E|CS|TAMS 0x00000000ebf00000, 0x00000000ebf00000| Complete 
| 192|0x00000000ec000000, 0x00000000ec100000, 0x00000000ec100000|100%| E|CS|TAMS 0x00000000ec000000, 0x00000000ec000000| Complete 
| 193|0x00000000ec100000, 0x00000000ec200000, 0x00000000ec200000|100%| E|CS|TAMS 0x00000000ec100000, 0x00000000ec100000| Complete 
| 194|0x00000000ec200000, 0x00000000ec300000, 0x00000000ec300000|100%| E|CS|TAMS 0x00000000ec200000, 0x00000000ec200000| Complete 
| 195|0x00000000ec300000, 0x00000000ec400000, 0x00000000ec400000|100%| E|CS|TAMS 0x00000000ec300000, 0x00000000ec300000| Complete 
| 196|0x00000000ec400000, 0x00000000ec500000, 0x00000000ec500000|100%| E|CS|TAMS 0x00000000ec400000, 0x00000000ec400000| Complete 
| 197|0x00000000ec500000, 0x00000000ec600000, 0x00000000ec600000|100%| E|CS|TAMS 0x00000000ec500000, 0x00000000ec500000| Complete 
| 198|0x00000000ec600000, 0x00000000ec700000, 0x00000000ec700000|100%| E|CS|TAMS 0x00000000ec600000, 0x00000000ec600000| Complete 
| 199|0x00000000ec700000, 0x00000000ec800000, 0x00000000ec800000|100%| E|CS|TAMS 0x00000000ec700000, 0x00000000ec700000| Complete 
| 200|0x00000000ec800000, 0x00000000ec900000, 0x00000000ec900000|100%| E|CS|TAMS 0x00000000ec800000, 0x00000000ec800000| Complete 
| 201|0x00000000ec900000, 0x00000000eca00000, 0x00000000eca00000|100%| E|CS|TAMS 0x00000000ec900000, 0x00000000ec900000| Complete 
| 202|0x00000000eca00000, 0x00000000ecb00000, 0x00000000ecb00000|100%| E|CS|TAMS 0x00000000eca00000, 0x00000000eca00000| Complete 
| 203|0x00000000ecb00000, 0x00000000ecc00000, 0x00000000ecc00000|100%| E|CS|TAMS 0x00000000ecb00000, 0x00000000ecb00000| Complete 
| 204|0x00000000ecc00000, 0x00000000ecd00000, 0x00000000ecd00000|100%| E|CS|TAMS 0x00000000ecc00000, 0x00000000ecc00000| Complete 
| 205|0x00000000ecd00000, 0x00000000ece00000, 0x00000000ece00000|100%| E|CS|TAMS 0x00000000ecd00000, 0x00000000ecd00000| Complete 
| 206|0x00000000ece00000, 0x00000000ecf00000, 0x00000000ecf00000|100%| E|CS|TAMS 0x00000000ece00000, 0x00000000ece00000| Complete 
| 207|0x00000000ecf00000, 0x00000000ed000000, 0x00000000ed000000|100%| E|CS|TAMS 0x00000000ecf00000, 0x00000000ecf00000| Complete 
| 208|0x00000000ed000000, 0x00000000ed100000, 0x00000000ed100000|100%| E|CS|TAMS 0x00000000ed000000, 0x00000000ed000000| Complete 
| 209|0x00000000ed100000, 0x00000000ed200000, 0x00000000ed200000|100%| E|CS|TAMS 0x00000000ed100000, 0x00000000ed100000| Complete 
| 210|0x00000000ed200000, 0x00000000ed300000, 0x00000000ed300000|100%| E|CS|TAMS 0x00000000ed200000, 0x00000000ed200000| Complete 
| 211|0x00000000ed300000, 0x00000000ed400000, 0x00000000ed400000|100%| E|CS|TAMS 0x00000000ed300000, 0x00000000ed300000| Complete 
| 212|0x00000000ed400000, 0x00000000ed500000, 0x00000000ed500000|100%| E|CS|TAMS 0x00000000ed400000, 0x00000000ed400000| Complete 
| 213|0x00000000ed500000, 0x00000000ed600000, 0x00000000ed600000|100%| E|CS|TAMS 0x00000000ed500000, 0x00000000ed500000| Complete 
| 214|0x00000000ed600000, 0x00000000ed700000, 0x00000000ed700000|100%| E|CS|TAMS 0x00000000ed600000, 0x00000000ed600000| Complete 
| 215|0x00000000ed700000, 0x00000000ed800000, 0x00000000ed800000|100%| E|CS|TAMS 0x00000000ed700000, 0x00000000ed700000| Complete 
| 216|0x00000000ed800000, 0x00000000ed900000, 0x00000000ed900000|100%| E|CS|TAMS 0x00000000ed800000, 0x00000000ed800000| Complete 
| 217|0x00000000ed900000, 0x00000000eda00000, 0x00000000eda00000|100%| E|CS|TAMS 0x00000000ed900000, 0x00000000ed900000| Complete 
| 218|0x00000000eda00000, 0x00000000edb00000, 0x00000000edb00000|100%| E|CS|TAMS 0x00000000eda00000, 0x00000000eda00000| Complete 
| 219|0x00000000edb00000, 0x00000000edc00000, 0x00000000edc00000|100%| E|CS|TAMS 0x00000000edb00000, 0x00000000edb00000| Complete 
| 220|0x00000000edc00000, 0x00000000edd00000, 0x00000000edd00000|100%| E|CS|TAMS 0x00000000edc00000, 0x00000000edc00000| Complete 
| 221|0x00000000edd00000, 0x00000000ede00000, 0x00000000ede00000|100%| E|CS|TAMS 0x00000000edd00000, 0x00000000edd00000| Complete 
| 222|0x00000000ede00000, 0x00000000edf00000, 0x00000000edf00000|100%| E|CS|TAMS 0x00000000ede00000, 0x00000000ede00000| Complete 
| 223|0x00000000edf00000, 0x00000000ee000000, 0x00000000ee000000|100%| E|CS|TAMS 0x00000000edf00000, 0x00000000edf00000| Complete 
| 224|0x00000000ee000000, 0x00000000ee100000, 0x00000000ee100000|100%| E|CS|TAMS 0x00000000ee000000, 0x00000000ee000000| Complete 
| 225|0x00000000ee100000, 0x00000000ee200000, 0x00000000ee200000|100%| E|CS|TAMS 0x00000000ee100000, 0x00000000ee100000| Complete 
| 226|0x00000000ee200000, 0x00000000ee300000, 0x00000000ee300000|100%| E|CS|TAMS 0x00000000ee200000, 0x00000000ee200000| Complete 
| 227|0x00000000ee300000, 0x00000000ee400000, 0x00000000ee400000|100%| E|CS|TAMS 0x00000000ee300000, 0x00000000ee300000| Complete 
| 228|0x00000000ee400000, 0x00000000ee500000, 0x00000000ee500000|100%| E|CS|TAMS 0x00000000ee400000, 0x00000000ee400000| Complete 
| 229|0x00000000ee500000, 0x00000000ee600000, 0x00000000ee600000|100%| E|CS|TAMS 0x00000000ee500000, 0x00000000ee500000| Complete 
| 230|0x00000000ee600000, 0x00000000ee700000, 0x00000000ee700000|100%| E|CS|TAMS 0x00000000ee600000, 0x00000000ee600000| Complete 
| 231|0x00000000ee700000, 0x00000000ee800000, 0x00000000ee800000|100%| E|CS|TAMS 0x00000000ee700000, 0x00000000ee700000| Complete 
| 232|0x00000000ee800000, 0x00000000ee900000, 0x00000000ee900000|100%| E|CS|TAMS 0x00000000ee800000, 0x00000000ee800000| Complete 
| 233|0x00000000ee900000, 0x00000000eea00000, 0x00000000eea00000|100%| E|CS|TAMS 0x00000000ee900000, 0x00000000ee900000| Complete 
| 234|0x00000000eea00000, 0x00000000eeb00000, 0x00000000eeb00000|100%| E|CS|TAMS 0x00000000eea00000, 0x00000000eea00000| Complete 
| 235|0x00000000eeb00000, 0x00000000eec00000, 0x00000000eec00000|100%| E|CS|TAMS 0x00000000eeb00000, 0x00000000eeb00000| Complete 
| 236|0x00000000eec00000, 0x00000000eed00000, 0x00000000eed00000|100%| E|CS|TAMS 0x00000000eec00000, 0x00000000eec00000| Complete 
| 237|0x00000000eed00000, 0x00000000eee00000, 0x00000000eee00000|100%| E|CS|TAMS 0x00000000eed00000, 0x00000000eed00000| Complete 
| 238|0x00000000eee00000, 0x00000000eef00000, 0x00000000eef00000|100%| E|CS|TAMS 0x00000000eee00000, 0x00000000eee00000| Complete 
| 239|0x00000000eef00000, 0x00000000ef000000, 0x00000000ef000000|100%| E|CS|TAMS 0x00000000eef00000, 0x00000000eef00000| Complete 
| 240|0x00000000ef000000, 0x00000000ef100000, 0x00000000ef100000|100%| E|CS|TAMS 0x00000000ef000000, 0x00000000ef000000| Complete 
| 241|0x00000000ef100000, 0x00000000ef200000, 0x00000000ef200000|100%| E|CS|TAMS 0x00000000ef100000, 0x00000000ef100000| Complete 
| 242|0x00000000ef200000, 0x00000000ef300000, 0x00000000ef300000|100%| E|CS|TAMS 0x00000000ef200000, 0x00000000ef200000| Complete 
| 243|0x00000000ef300000, 0x00000000ef400000, 0x00000000ef400000|100%| E|CS|TAMS 0x00000000ef300000, 0x00000000ef300000| Complete 
| 244|0x00000000ef400000, 0x00000000ef500000, 0x00000000ef500000|100%| E|CS|TAMS 0x00000000ef400000, 0x00000000ef400000| Complete 
| 245|0x00000000ef500000, 0x00000000ef600000, 0x00000000ef600000|100%| E|CS|TAMS 0x00000000ef500000, 0x00000000ef500000| Complete 
| 246|0x00000000ef600000, 0x00000000ef700000, 0x00000000ef700000|100%| E|CS|TAMS 0x00000000ef600000, 0x00000000ef600000| Complete 
| 247|0x00000000ef700000, 0x00000000ef800000, 0x00000000ef800000|100%| E|CS|TAMS 0x00000000ef700000, 0x00000000ef700000| Complete 
| 248|0x00000000ef800000, 0x00000000ef900000, 0x00000000ef900000|100%| E|CS|TAMS 0x00000000ef800000, 0x00000000ef800000| Complete 
| 249|0x00000000ef900000, 0x00000000efa00000, 0x00000000efa00000|100%| E|CS|TAMS 0x00000000ef900000, 0x00000000ef900000| Complete 
| 250|0x00000000efa00000, 0x00000000efb00000, 0x00000000efb00000|100%| E|CS|TAMS 0x00000000efa00000, 0x00000000efa00000| Complete 
| 251|0x00000000efb00000, 0x00000000efc00000, 0x00000000efc00000|100%| E|CS|TAMS 0x00000000efb00000, 0x00000000efb00000| Complete 
| 252|0x00000000efc00000, 0x00000000efd00000, 0x00000000efd00000|100%| E|CS|TAMS 0x00000000efc00000, 0x00000000efc00000| Complete 
| 253|0x00000000efd00000, 0x00000000efe00000, 0x00000000efe00000|100%| E|CS|TAMS 0x00000000efd00000, 0x00000000efd00000| Complete 
| 254|0x00000000efe00000, 0x00000000eff00000, 0x00000000eff00000|100%| E|CS|TAMS 0x00000000efe00000, 0x00000000efe00000| Complete 
| 255|0x00000000eff00000, 0x00000000f0000000, 0x00000000f0000000|100%| E|CS|TAMS 0x00000000eff00000, 0x00000000eff00000| Complete 

Card table byte_map: [0x00000188454b0000,0x00000188455b0000] _byte_map_base: 0x0000018844db0000

Marking Bits (Prev, Next): (CMBitMap*) 0x000001882da99960, (CMBitMap*) 0x000001882da99928
 Prev Bits: [0x0000018845eb0000, 0x00000188466b0000)
 Next Bits: [0x00000188456b0000, 0x0000018845eb0000)

Polling page: 0x000001882d9c0000

Metaspace:

Usage:
  Non-class:     60.17 MB capacity,    58.72 MB ( 98%) used,     1.20 MB (  2%) free+waste,   255.81 KB ( <1%) overhead. 
      Class:      9.73 MB capacity,     8.88 MB ( 91%) used,   755.76 KB (  8%) free+waste,   122.50 KB (  1%) overhead. 
       Both:     69.90 MB capacity,    67.60 MB ( 97%) used,     1.94 MB (  3%) free+waste,   378.31 KB ( <1%) overhead. 

Virtual space:
  Non-class space:       62.00 MB reserved,      60.20 MB ( 97%) committed 
      Class space:      376.00 MB reserved,       9.84 MB (  3%) committed 
             Both:      438.00 MB reserved,      70.04 MB ( 16%) committed 

Chunk freelists:
   Non-Class:  128 bytes
       Class:  0 bytes
        Both:  128 bytes

CodeHeap 'non-profiled nmethods': size=120064Kb used=4729Kb max_used=4729Kb free=115334Kb
 bounds [0x000001883d850000, 0x000001883dcf0000, 0x0000018844d90000]
CodeHeap 'profiled nmethods': size=120000Kb used=17078Kb max_used=17078Kb free=102921Kb
 bounds [0x0000018836320000, 0x00000188373e0000, 0x000001883d850000]
CodeHeap 'non-nmethods': size=5696Kb used=2271Kb max_used=2339Kb free=3424Kb
 bounds [0x0000018835d90000, 0x0000018836000000, 0x0000018836320000]
 total_blobs=11181 nmethods=7829 adapters=773
 compilation: enabled
              stopped_count=0, restarted_count=0
 full_count=0

Compilation events (10 events):
Event: 42.943 Thread 0x0000018849558000 8486       3       java.lang.Class::searchMethods (104 bytes)
Event: 42.944 Thread 0x0000018849558000 nmethod 8486 0x00000188373d4610 code [0x00000188373d4880, 0x00000188373d5320]
Event: 42.960 Thread 0x0000018849558000 8487       3       java.io.ObjectStreamField::isPrimitive (23 bytes)
Event: 42.960 Thread 0x0000018849558000 nmethod 8487 0x00000188373d5710 code [0x00000188373d5920, 0x00000188373d5ef0]
Event: 42.960 Thread 0x0000018849558000 8488       1       java.io.ObjectStreamField::getField (5 bytes)
Event: 42.960 Thread 0x0000018849558000 nmethod 8488 0x000001883dcee190 code [0x000001883dcee340, 0x000001883dcee458]
Event: 42.962 Thread 0x0000018849558000 8489       3       jdk.internal.reflect.ByteVectorImpl::put (27 bytes)
Event: 42.962 Thread 0x0000018849558000 nmethod 8489 0x00000188373d6110 code [0x00000188373d62e0, 0x00000188373d6510]
Event: 42.963 Thread 0x0000018849558000 8490       3       java.io.ObjectOutputStream$BlockDataOutputStream::writeShort (47 bytes)
Event: 42.964 Thread 0x0000018849558000 nmethod 8490 0x00000188373d6610 code [0x00000188373d6800, 0x00000188373d6d40]

GC Heap History (10 events):
Event: 12.719 GC heap before
{Heap before GC invocations=7 (full 0):
 garbage-first heap   total 262144K, used 100146K [0x00000000e0000000, 0x0000000100000000)
  region size 1024K, 81 young (82944K), 3 survivors (3072K)
 Metaspace       used 32544K, capacity 33396K, committed 33664K, reserved 415744K
  class space    used 4381K, capacity 4704K, committed 4736K, reserved 385024K
}
Event: 12.729 GC heap after
{Heap after GC invocations=8 (full 0):
 garbage-first heap   total 262144K, used 22743K [0x00000000e0000000, 0x0000000100000000)
  region size 1024K, 5 young (5120K), 5 survivors (5120K)
 Metaspace       used 32544K, capacity 33396K, committed 33664K, reserved 415744K
  class space    used 4381K, capacity 4704K, committed 4736K, reserved 385024K
}
Event: 13.308 GC heap before
{Heap before GC invocations=8 (full 0):
 garbage-first heap   total 262144K, used 38103K [0x00000000e0000000, 0x0000000100000000)
  region size 1024K, 22 young (22528K), 5 survivors (5120K)
 Metaspace       used 35014K, capacity 35951K, committed 36048K, reserved 417792K
  class space    used 4706K, capacity 5068K, committed 5120K, reserved 385024K
}
Event: 13.321 GC heap after
{Heap after GC invocations=9 (full 0):
 garbage-first heap   total 262144K, used 24372K [0x00000000e0000000, 0x0000000100000000)
  region size 1024K, 7 young (7168K), 7 survivors (7168K)
 Metaspace       used 35014K, capacity 35951K, committed 36048K, reserved 417792K
  class space    used 4706K, capacity 5068K, committed 5120K, reserved 385024K
}
Event: 15.570 GC heap before
{Heap before GC invocations=10 (full 0):
 garbage-first heap   total 262144K, used 139060K [0x00000000e0000000, 0x0000000100000000)
  region size 1024K, 113 young (115712K), 7 survivors (7168K)
 Metaspace       used 46144K, capacity 47348K, committed 47568K, reserved 428032K
  class space    used 5943K, capacity 6388K, committed 6400K, reserved 385024K
}
Event: 15.603 GC heap after
{Heap after GC invocations=11 (full 0):
 garbage-first heap   total 262144K, used 32710K [0x00000000e0000000, 0x0000000100000000)
  region size 1024K, 15 young (15360K), 15 survivors (15360K)
 Metaspace       used 46144K, capacity 47348K, committed 47568K, reserved 428032K
  class space    used 5943K, capacity 6388K, committed 6400K, reserved 385024K
}
Event: 21.215 GC heap before
{Heap before GC invocations=11 (full 0):
 garbage-first heap   total 262144K, used 154566K [0x00000000e0000000, 0x0000000100000000)
  region size 1024K, 135 young (138240K), 15 survivors (15360K)
 Metaspace       used 58910K, capacity 60416K, committed 60496K, reserved 438272K
  class space    used 7704K, capacity 8291K, committed 8320K, reserved 385024K
}
Event: 21.253 GC heap after
{Heap after GC invocations=12 (full 0):
 garbage-first heap   total 262144K, used 37440K [0x00000000e0000000, 0x0000000100000000)
  region size 1024K, 14 young (14336K), 14 survivors (14336K)
 Metaspace       used 58910K, capacity 60416K, committed 60496K, reserved 438272K
  class space    used 7704K, capacity 8291K, committed 8320K, reserved 385024K
}
Event: 25.312 GC heap before
{Heap before GC invocations=13 (full 0):
 garbage-first heap   total 262144K, used 178752K [0x00000000e0000000, 0x0000000100000000)
  region size 1024K, 153 young (156672K), 14 survivors (14336K)
 Metaspace       used 66586K, capacity 68814K, committed 68904K, reserved 444416K
  class space    used 8862K, capacity 9740K, committed 9816K, reserved 385024K
}
Event: 25.349 GC heap after
{Heap after GC invocations=14 (full 0):
 garbage-first heap   total 262144K, used 46997K [0x00000000e0000000, 0x0000000100000000)
  region size 1024K, 16 young (16384K), 16 survivors (16384K)
 Metaspace       used 66586K, capacity 68814K, committed 68904K, reserved 444416K
  class space    used 8862K, capacity 9740K, committed 9816K, reserved 385024K
}

Deoptimization events (10 events):
Event: 27.922 Thread 0x000001884f2ce800 Uncommon trap: reason=class_check action=maybe_recompile pc=0x000001883dbc0eec method=io.spring.gradle.dependencymanagement.org.apache.maven.model.interpolation.StringSearchModelInterpolator$InterpolateObjectAction.interpolateMapField(Ljava/lang/Object;Lj
Event: 28.109 Thread 0x000001884f2ce800 Uncommon trap: reason=class_check action=maybe_recompile pc=0x000001883dbc0eec method=io.spring.gradle.dependencymanagement.org.apache.maven.model.interpolation.StringSearchModelInterpolator$InterpolateObjectAction.interpolateMapField(Ljava/lang/Object;Lj
Event: 28.109 Thread 0x000001884f2ce800 Uncommon trap: reason=class_check action=maybe_recompile pc=0x000001883dbb6888 method=io.spring.gradle.dependencymanagement.org.apache.maven.model.interpolation.StringSearchModelInterpolator$InterpolateObjectAction.interpolateMapField(Ljava/lang/Object;Lj
Event: 29.216 Thread 0x000001884f2ce800 Uncommon trap: reason=bimorphic_or_optimized_type_check action=maybe_recompile pc=0x000001883da4e104 method=java.util.stream.StreamOpFlag.fromCharacteristics(Ljava/util/Spliterator;)I @ 14 c2
Event: 29.783 Thread 0x000001884f2ce800 Uncommon trap: reason=unstable_if action=reinterpret pc=0x000001883db76f20 method=java.util.TreeMap.put(Ljava/lang/Object;Ljava/lang/Object;)Ljava/lang/Object; @ 163 c2
Event: 29.842 Thread 0x000001884f8d4800 Uncommon trap: reason=class_check action=maybe_recompile pc=0x000001883da72084 method=java.io.BufferedInputStream.read1([BII)I @ 39 c2
Event: 42.895 Thread 0x000001884f8d4800 Uncommon trap: reason=unstable_if action=reinterpret pc=0x000001883dcea580 method=org.gradle.internal.logging.text.AbstractLineChoppingStyledTextOutput$2.execute(Lorg/gradle/internal/logging/text/AbstractLineChoppingStyledTextOutput$StateContext;)V @ 34 c
Event: 42.895 Thread 0x000001884f8d4800 Uncommon trap: reason=unstable_if action=reinterpret pc=0x000001883dcebcc4 method=org.gradle.internal.logging.text.AbstractLineChoppingStyledTextOutput$2.execute(Lorg/gradle/internal/logging/text/AbstractLineChoppingStyledTextOutput$StateContext;)V @ 34 c
Event: 42.896 Thread 0x000001884f8d4800 Uncommon trap: reason=unstable_if action=reinterpret pc=0x000001883dce85b0 method=org.gradle.internal.logging.text.AbstractLineChoppingStyledTextOutput$2.execute(Lorg/gradle/internal/logging/text/AbstractLineChoppingStyledTextOutput$StateContext;)V @ 34 c
Event: 42.912 Thread 0x000001884b034800 Uncommon trap: reason=unstable_if action=reinterpret pc=0x000001883da796f4 method=java.lang.ThreadLocal.get()Ljava/lang/Object; @ 11 c2

Classes redefined (0 events):
No events

Internal exceptions (10 events):
Event: 29.760 Thread 0x000001884f2ce800 Exception <a 'java/lang/NoSuchMethodError'{0x00000000e7d0d1e8}: java.lang.invoke.DirectMethodHandle$Holder.invokeVirtual(Ljava/lang/Object;Ljava/lang/Object;)V> (0x00000000e7d0d1e8) thrown at [t:/workspace/open/src/hotspot/share/interpreter/linkResolver.c
Event: 29.816 Thread 0x000001884f8d8000 Exception <a 'java/lang/NoSuchMethodError'{0x00000000e7cb95c0}: java.lang.invoke.DirectMethodHandle$Holder.invokeStatic(Ljava/lang/Object;J)V> (0x00000000e7cb95c0) thrown at [t:/workspace/open/src/hotspot/share/interpreter/linkResolver.cpp, line 772]
Event: 29.817 Thread 0x000001884f8d8000 Exception <a 'java/lang/NoSuchMethodError'{0x00000000e7cbe3e8}: java.lang.invoke.DirectMethodHandle$Holder.invokeStatic(Ljava/lang/Object;J)Ljava/lang/Object;> (0x00000000e7cbe3e8) thrown at [t:/workspace/open/src/hotspot/share/interpreter/linkResolver.cp
Event: 29.817 Thread 0x000001884f8d8000 Exception <a 'java/lang/NoSuchMethodError'{0x00000000e7cc1710}: java.lang.invoke.DirectMethodHandle$Holder.invokeSpecial(Ljava/lang/Object;Ljava/lang/Object;J)Ljava/lang/Object;> (0x00000000e7cc1710) thrown at [t:/workspace/open/src/hotspot/share/interpre
Event: 29.821 Thread 0x000001884f8d8000 Exception <a 'java/lang/NoSuchMethodError'{0x00000000e7ccbf28}: java.lang.invoke.DirectMethodHandle$Holder.invokeStatic(Ljava/lang/Object;Ljava/lang/Object;JLjava/lang/Object;)Ljava/lang/Object;> (0x00000000e7ccbf28) thrown at [t:/workspace/open/src/hotsp
Event: 29.822 Thread 0x000001884f8d8000 Exception <a 'java/lang/NoSuchMethodError'{0x00000000e7ccf008}: java.lang.invoke.DirectMethodHandle$Holder.invokeStaticInit(Ljava/lang/Object;Ljava/lang/Object;JLjava/lang/Object;)Ljava/lang/Object;> (0x00000000e7ccf008) thrown at [t:/workspace/open/src/h
Event: 42.912 Thread 0x000001884b034800 Implicit null exception at 0x000001883da7950d to 0x000001883da796ea
Event: 42.957 Thread 0x000001884c0f2800 Exception <a 'java/lang/NoSuchMethodError'{0x00000000e7a3d530}: <clinit>> (0x00000000e7a3d530) thrown at [t:/workspace/open/src/hotspot/share/prims/jni.cpp, line 1364]
Event: 42.958 Thread 0x000001884c0f2800 Exception <a 'java/lang/NoSuchMethodError'{0x00000000e7a3fb28}: <clinit>> (0x00000000e7a3fb28) thrown at [t:/workspace/open/src/hotspot/share/prims/jni.cpp, line 1364]
Event: 42.963 Thread 0x000001884c0f2800 Exception <a 'java/lang/NoSuchMethodError'{0x00000000e7a59f08}: <clinit>> (0x00000000e7a59f08) thrown at [t:/workspace/open/src/hotspot/share/prims/jni.cpp, line 1364]

Events (10 events):
Event: 42.957 loading class java/util/Collections$EmptyListIterator done
Event: 42.958 loading class java/io/ObjectStreamClass$ExceptionInfo
Event: 42.958 loading class java/io/ObjectStreamClass$ExceptionInfo done
Event: 42.958 Executing VM operation: RevokeBias
Event: 42.958 Executing VM operation: RevokeBias done
Event: 42.960 Executing VM operation: RevokeBias
Event: 42.960 Executing VM operation: RevokeBias done
Event: 42.960 Executing VM operation: RevokeBias
Event: 42.960 Executing VM operation: RevokeBias done
Event: 42.967 Executing VM operation: BulkRevokeBias


Dynamic libraries:
0x00007ff64fb60000 - 0x00007ff64fba5000 	C:\01DevelopKits\jdk-11\bin\java.exe
0x00007ffb9ba10000 - 0x00007ffb9bc08000 	C:\Windows\SYSTEM32\ntdll.dll
0x00007ffb9b300000 - 0x00007ffb9b3bf000 	C:\Windows\System32\KERNEL32.DLL
0x00007ffb99180000 - 0x00007ffb99476000 	C:\Windows\System32\KERNELBASE.dll
0x00007ffb9a7c0000 - 0x00007ffb9a95d000 	C:\Windows\System32\USER32.dll
0x00007ffb99480000 - 0x00007ffb994a2000 	C:\Windows\System32\win32u.dll
0x00007ffb9b2d0000 - 0x00007ffb9b2fc000 	C:\Windows\System32\GDI32.dll
0x00007ffb994b0000 - 0x00007ffb995c5000 	C:\Windows\System32\gdi32full.dll
0x00007ffb999d0000 - 0x00007ffb99a6d000 	C:\Windows\System32\msvcp_win.dll
0x00007ffb99680000 - 0x00007ffb99780000 	C:\Windows\System32\ucrtbase.dll
0x00007ffb7c690000 - 0x00007ffb7c92a000 	C:\Windows\WinSxS\amd64_microsoft.windows.common-controls_6595b64144ccf1df_6.0.19041.1110_none_60b5254171f9507e\COMCTL32.dll
0x00007ffb9b930000 - 0x00007ffb9b9ce000 	C:\Windows\System32\msvcrt.dll
0x00007ffb9a9d0000 - 0x00007ffb9aa00000 	C:\Windows\System32\IMM32.DLL
0x00007ffb7f3f0000 - 0x00007ffb7f406000 	C:\01DevelopKits\jdk-11\bin\vcruntime140.dll
0x00007ffb64390000 - 0x00007ffb6443a000 	C:\01DevelopKits\jdk-11\bin\msvcp140.dll
0x00007ffb1d850000 - 0x00007ffb1e391000 	C:\01DevelopKits\jdk-11\bin\server\jvm.dll
0x00007ffb9b3c0000 - 0x00007ffb9b46f000 	C:\Windows\System32\ADVAPI32.dll
0x00007ffb99a70000 - 0x00007ffb99b0c000 	C:\Windows\System32\sechost.dll
0x00007ffb9b1a0000 - 0x00007ffb9b2c6000 	C:\Windows\System32\RPCRT4.dll
0x00007ffb9aa60000 - 0x00007ffb9aa68000 	C:\Windows\System32\PSAPI.DLL
0x00007ffb93470000 - 0x00007ffb93479000 	C:\Windows\SYSTEM32\WSOCK32.dll
0x00007ffb92ad0000 - 0x00007ffb92ada000 	C:\Windows\SYSTEM32\VERSION.dll
0x00007ffb9a960000 - 0x00007ffb9a9cb000 	C:\Windows\System32\WS2_32.dll
0x00007ffb7f080000 - 0x00007ffb7f0a7000 	C:\Windows\SYSTEM32\WINMM.dll
0x00007ffb96f60000 - 0x00007ffb96f72000 	C:\Windows\SYSTEM32\kernel.appcore.dll
0x00007ffb7f3d0000 - 0x00007ffb7f3e1000 	C:\01DevelopKits\jdk-11\bin\verify.dll
0x00007ffb8b6e0000 - 0x00007ffb8b8c4000 	C:\Windows\SYSTEM32\DBGHELP.DLL
0x00007ffb8b6a0000 - 0x00007ffb8b6d4000 	C:\Windows\SYSTEM32\dbgcore.DLL
0x00007ffb990f0000 - 0x00007ffb99172000 	C:\Windows\System32\bcryptPrimitives.dll
0x00007ffb79990000 - 0x00007ffb799b8000 	C:\01DevelopKits\jdk-11\bin\java.dll
0x00007ffb79dc0000 - 0x00007ffb79def000 	C:\01DevelopKits\jdk-11\bin\instrument.dll
0x00007ffb7d8f0000 - 0x00007ffb7d906000 	C:\01DevelopKits\jdk-11\bin\zip.dll
0x00007ffb94ef0000 - 0x00007ffb94efa000 	C:\01DevelopKits\jdk-11\bin\jimage.dll
0x00007ffb9a070000 - 0x00007ffb9a7b4000 	C:\Windows\System32\SHELL32.dll
0x00007ffb97160000 - 0x00007ffb978f4000 	C:\Windows\SYSTEM32\windows.storage.dll
0x00007ffb99b10000 - 0x00007ffb99e64000 	C:\Windows\System32\combase.dll
0x00007ffb98b30000 - 0x00007ffb98b5e000 	C:\Windows\SYSTEM32\Wldp.dll
0x00007ffb9b470000 - 0x00007ffb9b51d000 	C:\Windows\System32\SHCORE.dll
0x00007ffb99e70000 - 0x00007ffb99ec5000 	C:\Windows\System32\shlwapi.dll
0x00007ffb99020000 - 0x00007ffb99045000 	C:\Windows\SYSTEM32\profapi.dll
0x00007ffb88fe0000 - 0x00007ffb88ff9000 	C:\01DevelopKits\jdk-11\bin\net.dll
0x00007ffb8a440000 - 0x00007ffb8a54a000 	C:\Windows\SYSTEM32\WINHTTP.dll
0x00007ffb98870000 - 0x00007ffb988da000 	C:\Windows\system32\mswsock.dll
0x00007ffb7e8f0000 - 0x00007ffb7e903000 	C:\01DevelopKits\jdk-11\bin\nio.dll
0x00007ffb780c0000 - 0x00007ffb780e7000 	C:\Users\thsu1\.gradle\native\68d5fa5c4cc2d200863cafc0d521ce42e7d3e7ee720ec0a83991735586a16f82\windows-amd64\native-platform.dll
0x00007ffb63bd0000 - 0x00007ffb63d14000 	C:\Users\thsu1\.gradle\native\e376f236ea51e6404a007f0833ffe2c6e607c4080706a723a18a27aeea778392\windows-amd64\native-platform-file-events.dll
0x00007ffb93520000 - 0x00007ffb93529000 	C:\01DevelopKits\jdk-11\bin\management.dll
0x00007ffb91570000 - 0x00007ffb9157c000 	C:\01DevelopKits\jdk-11\bin\management_ext.dll
0x00007ffb98a60000 - 0x00007ffb98a78000 	C:\Windows\SYSTEM32\CRYPTSP.dll
0x00007ffb98100000 - 0x00007ffb98134000 	C:\Windows\system32\rsaenh.dll
0x00007ffb99780000 - 0x00007ffb997a7000 	C:\Windows\System32\bcrypt.dll
0x00007ffb98fa0000 - 0x00007ffb98fce000 	C:\Windows\SYSTEM32\USERENV.dll
0x00007ffb98a80000 - 0x00007ffb98a8c000 	C:\Windows\SYSTEM32\CRYPTBASE.dll
0x00007ffb98500000 - 0x00007ffb9853c000 	C:\Windows\SYSTEM32\IPHLPAPI.DLL
0x00007ffb9b920000 - 0x00007ffb9b928000 	C:\Windows\System32\NSI.dll
0x00007ffb8aea0000 - 0x00007ffb8aeb7000 	C:\Windows\SYSTEM32\dhcpcsvc6.DLL
0x00007ffb8b980000 - 0x00007ffb8b99d000 	C:\Windows\SYSTEM32\dhcpcsvc.DLL
0x00007ffb98540000 - 0x00007ffb9860a000 	C:\Windows\SYSTEM32\DNSAPI.dll
0x00007ffb780f0000 - 0x00007ffb78117000 	C:\01DevelopKits\jdk-11\bin\sunec.dll
0x00007ffb88d40000 - 0x00007ffb88d4a000 	C:\Windows\System32\rasadhlp.dll
0x00007ffb89840000 - 0x00007ffb898c2000 	C:\Windows\System32\fwpuclnt.dll
0x00007ffb8a810000 - 0x00007ffb8a81d000 	C:\01DevelopKits\jdk-11\bin\sunmscapi.dll
0x00007ffb997b0000 - 0x00007ffb9990e000 	C:\Windows\System32\CRYPT32.dll
0x00007ffb98ba0000 - 0x00007ffb98bc8000 	C:\Windows\SYSTEM32\ncrypt.dll
0x00007ffb98b60000 - 0x00007ffb98b9b000 	C:\Windows\SYSTEM32\NTASN1.dll

dbghelp: loaded successfully - version: 4.0.5 - missing functions: none
symbol engine: initialized successfully - sym options: 0x614 - pdb path: .;C:\01DevelopKits\jdk-11\bin;C:\Windows\SYSTEM32;C:\Windows\WinSxS\amd64_microsoft.windows.common-controls_6595b64144ccf1df_6.0.19041.1110_none_60b5254171f9507e;C:\01DevelopKits\jdk-11\bin\server;C:\Users\thsu1\.gradle\native\68d5fa5c4cc2d200863cafc0d521ce42e7d3e7ee720ec0a83991735586a16f82\windows-amd64;C:\Users\thsu1\.gradle\native\e376f236ea51e6404a007f0833ffe2c6e607c4080706a723a18a27aeea778392\windows-amd64

VM Arguments:
jvm_args: --add-opens=java.base/java.util=ALL-UNNAMED --add-opens=java.base/java.lang=ALL-UNNAMED --add-opens=java.base/java.lang.invoke=ALL-UNNAMED --add-opens=java.prefs/java.util.prefs=ALL-UNNAMED --add-opens=java.base/java.nio.charset=ALL-UNNAMED --add-opens=java.base/java.net=ALL-UNNAMED --add-opens=java.base/java.util.concurrent.atomic=ALL-UNNAMED -XX:MaxMetaspaceSize=384m -XX:+HeapDumpOnOutOfMemoryError -Xms256m -Xmx512m -Dfile.encoding=x-windows-949 -Duser.country=KR -Duser.language=ko -Duser.variant -javaagent:C:\Users\thsu1\.gradle\wrapper\dists\gradle-8.1.1-bin\9wiye5v2saajue4irfo8ybqfp\gradle-8.1.1\lib\agents\gradle-instrumentation-agent-8.1.1.jar 
java_command: org.gradle.launcher.daemon.bootstrap.GradleDaemon 8.1.1
java_class_path (initial): C:\Users\thsu1\.gradle\wrapper\dists\gradle-8.1.1-bin\9wiye5v2saajue4irfo8ybqfp\gradle-8.1.1\lib\gradle-launcher-8.1.1.jar
Launcher Type: SUN_STANDARD

[Global flags]
     intx CICompilerCount                          = 3                                         {product} {ergonomic}
   size_t CompressedClassSpaceSize                 = 394264576                                 {product} {ergonomic}
     uint ConcGCThreads                            = 1                                         {product} {ergonomic}
     uint G1ConcRefinementThreads                  = 4                                         {product} {ergonomic}
   size_t G1HeapRegionSize                         = 1048576                                   {product} {ergonomic}
    uintx GCDrainStackTargetSize                   = 64                                        {product} {ergonomic}
     bool HeapDumpOnOutOfMemoryError               = true                                   {manageable} {command line}
   size_t InitialHeapSize                          = 268435456                                 {product} {command line}
   size_t MarkStackSize                            = 4194304                                   {product} {ergonomic}
   size_t MaxHeapSize                              = 536870912                                 {product} {command line}
   size_t MaxMetaspaceSize                         = 402653184                                 {product} {command line}
   size_t MaxNewSize                               = 321912832                                 {product} {ergonomic}
   size_t MinHeapDeltaBytes                        = 1048576                                   {product} {ergonomic}
    uintx NonNMethodCodeHeapSize                   = 5830092                                {pd product} {ergonomic}
    uintx NonProfiledCodeHeapSize                  = 122914074                              {pd product} {ergonomic}
    uintx ProfiledCodeHeapSize                     = 122914074                              {pd product} {ergonomic}
    uintx ReservedCodeCacheSize                    = 251658240                              {pd product} {ergonomic}
     bool SegmentedCodeCache                       = true                                      {product} {ergonomic}
     bool UseCompressedClassPointers               = true                                 {lp64_product} {ergonomic}
     bool UseCompressedOops                        = true                                 {lp64_product} {ergonomic}
     bool UseG1GC                                  = true                                      {product} {ergonomic}
     bool UseLargePagesIndividualAllocation        = false                                  {pd product} {ergonomic}

Logging:
Log output configuration:
 #0: stdout all=warning uptime,level,tags
 #1: stderr all=off uptime,level,tags

Environment Variables:
JAVA_HOME=C:\01DevelopKits\jdk-11
PATH=C:\Program Files\Common Files\Oracle\Java\javapath;C:\01DevelopKits\app\oracle\product\11.2.0\server\bin;C:\Windows\system32;C:\Windows;C:\Windows\System32\Wbem;C:\Windows\System32\WindowsPowerShell\v1.0\;C:\Windows\System32\OpenSSH\;C:\01DevelopKits\jdk-11\bin;C:\Program Files\Git\cmd;C:\Program Files\MySQL\MySQL Shell 8.0\bin\;C:\Users\thsu1\AppData\Local\Microsoft\WindowsApps;;C:\Users\thsu1\AppData\Local\Programs\Microsoft VS Code\bin;C:\IntelliJ IDEA Community Edition 2023.1.1\bin;
USERNAME=thsu1
OS=Windows_NT
PROCESSOR_IDENTIFIER=Intel64 Family 6 Model 78 Stepping 3, GenuineIntel



---------------  S Y S T E M  ---------------

OS: Windows 10 , 64 bit Build 19041 (10.0.19041.3155)

CPU:total 4 (initial active 4) (2 cores per cpu, 2 threads per core) family 6 model 78 stepping 3, cmov, cx8, fxsr, mmx, sse, sse2, sse3, ssse3, sse4.1, sse4.2, popcnt, avx, avx2, aes, clmul, erms, 3dnowpref, lzcnt, ht, tsc, tscinvbit, bmi1, bmi2, adx, fma

Memory: 4k page, system-wide physical 8108M (551M free)
TotalPageFile size 16166M (AvailPageFile size 5M)
current process WorkingSet (physical memory assigned to process): 372M, peak: 413M
current process commit charge ("private bytes"): 466M, peak: 507M

vm_info: OpenJDK 64-Bit Server VM (11+28) for windows-amd64 JRE (11+28), built on Aug 23 2018 03:04:58 by "mach5one" with MS VC++ 15.5 (VS2017)

END.
